<?xml version="1.0" encoding="UTF-8"?>
<coverage generated="1773556956408" clover="3.2.0">
  <project timestamp="1773556956408" name="All files">
    <metrics statements="362" coveredstatements="362" conditionals="222" coveredconditionals="201" methods="28" coveredmethods="28" elements="612" coveredelements="591" complexity="0" loc="362" ncloc="362" packages="4" files="9" classes="9"/>
    <package name="src">
      <metrics statements="6" coveredstatements="6" conditionals="0" coveredconditionals="0" methods="0" coveredmethods="0"/>
      <file name="constants.ts" path="/home/javier/programacion/platform/javi-ai/src/constants.ts">
        <metrics statements="6" coveredstatements="6" conditionals="0" coveredconditionals="0" methods="0" coveredmethods="0"/>
        <line num="5" count="1" type="stmt"/>
        <line num="7" count="1" type="stmt"/>
        <line num="52" count="1" type="stmt"/>
        <line num="53" count="1" type="stmt"/>
        <line num="55" count="1" type="stmt"/>
        <line num="56" count="1" type="stmt"/>
      </file>
    </package>
    <package name="src.commands">
      <metrics statements="190" coveredstatements="190" conditionals="124" coveredconditionals="107" methods="15" coveredmethods="15"/>
      <file name="doctor.ts" path="/home/javier/programacion/platform/javi-ai/src/commands/doctor.ts">
        <metrics statements="99" coveredstatements="99" conditionals="66" coveredconditionals="57" methods="7" coveredmethods="7"/>
        <line num="10" count="1" type="stmt"/>
        <line num="12" count="1" type="stmt"/>
        <line num="13" count="1" type="stmt"/>
        <line num="34" count="114" type="stmt"/>
        <line num="35" count="114" type="stmt"/>
        <line num="36" count="5" type="cond" truecount="2" falsecount="0"/>
        <line num="38" count="109" type="stmt"/>
        <line num="44" count="40" type="cond" truecount="2" falsecount="0"/>
        <line num="45" count="10" type="stmt"/>
        <line num="46" count="10" type="stmt"/>
        <line num="47" count="10" type="stmt"/>
        <line num="48" count="11" type="stmt"/>
        <line num="49" count="11" type="cond" truecount="2" falsecount="0"/>
        <line num="51" count="10" type="stmt"/>
        <line num="56" count="57" type="stmt"/>
        <line num="57" count="57" type="stmt"/>
        <line num="58" count="57" type="stmt"/>
        <line num="60" count="57" type="cond" truecount="2" falsecount="0"/>
        <line num="61" count="9" type="stmt"/>
        <line num="62" count="9" type="stmt"/>
        <line num="63" count="15" type="cond" truecount="4" falsecount="0"/>
        <line num="64" count="13" type="cond" truecount="2" falsecount="0"/>
        <line num="65" count="12" type="stmt"/>
        <line num="70" count="57" type="cond" truecount="2" falsecount="0"/>
        <line num="71" count="2" type="stmt"/>
        <line num="72" count="2" type="stmt"/>
        <line num="73" count="2" type="cond" truecount="1" falsecount="1"/>
        <line num="77" count="57" type="stmt"/>
        <line num="81" count="1" type="stmt"/>
        <line num="91" count="57" type="stmt"/>
        <line num="92" count="57" type="stmt"/>
        <line num="93" count="57" type="stmt"/>
        <line num="94" count="57" type="stmt"/>
        <line num="97" count="57" type="stmt"/>
        <line num="99" count="57" type="cond" truecount="2" falsecount="0"/>
        <line num="100" count="37" type="stmt"/>
        <line num="104" count="37" type="stmt"/>
        <line num="109" count="20" type="stmt"/>
        <line num="116" count="57" type="stmt"/>
        <line num="119" count="57" type="stmt"/>
        <line num="120" count="57" type="stmt"/>
        <line num="121" count="114" type="stmt"/>
        <line num="122" count="114" type="cond" truecount="2" falsecount="0"/>
        <line num="123" count="74" type="stmt"/>
        <line num="124" count="40" type="cond" truecount="2" falsecount="0"/>
        <line num="125" count="2" type="stmt"/>
        <line num="127" count="38" type="stmt"/>
        <line num="130" count="57" type="stmt"/>
        <line num="133" count="57" type="stmt"/>
        <line num="134" count="57" type="stmt"/>
        <line num="135" count="45" type="stmt"/>
        <line num="136" count="40" type="cond" truecount="1" falsecount="1"/>
        <line num="137" count="40" type="stmt"/>
        <line num="138" count="40" type="stmt"/>
        <line num="139" count="40" type="stmt"/>
        <line num="145" count="57" type="cond" truecount="2" falsecount="0"/>
        <line num="146" count="20" type="stmt"/>
        <line num="148" count="57" type="stmt"/>
        <line num="151" count="57" type="stmt"/>
        <line num="152" count="57" type="stmt"/>
        <line num="153" count="342" type="cond" truecount="2" falsecount="0"/>
        <line num="154" count="302" type="stmt"/>
        <line num="156" count="40" type="stmt"/>
        <line num="157" count="40" type="cond" truecount="4" falsecount="0"/>
        <line num="160" count="57" type="stmt"/>
        <line num="163" count="57" type="stmt"/>
        <line num="164" count="57" type="cond" truecount="1" falsecount="1"/>
        <line num="165" count="57" type="stmt"/>
        <line num="167" count="57" type="cond" truecount="4" falsecount="0"/>
        <line num="168" count="10" type="stmt"/>
        <line num="169" count="10" type="stmt"/>
        <line num="170" count="10" type="stmt"/>
        <line num="171" count="10" type="cond" truecount="2" falsecount="0"/>
        <line num="172" count="6" type="stmt"/>
        <line num="174" count="4" type="stmt"/>
        <line num="175" count="4" type="stmt"/>
        <line num="176" count="2" type="stmt"/>
        <line num="178" count="2" type="stmt"/>
        <line num="183" count="57" type="cond" truecount="2" falsecount="0"/>
        <line num="184" count="48" type="stmt"/>
        <line num="186" count="57" type="stmt"/>
        <line num="189" count="57" type="stmt"/>
        <line num="190" count="57" type="cond" truecount="2" falsecount="0"/>
        <line num="191" count="10" type="stmt"/>
        <line num="192" count="10" type="cond" truecount="2" falsecount="0"/>
        <line num="193" count="2" type="stmt"/>
        <line num="195" count="8" type="stmt"/>
        <line num="196" count="30" type="stmt"/>
        <line num="197" count="30" type="stmt"/>
        <line num="198" count="30" type="stmt"/>
        <line num="200" count="34" type="stmt"/>
        <line num="201" count="34" type="cond" truecount="2" falsecount="0"/>
        <line num="203" count="34" type="stmt"/>
        <line num="204" count="30" type="stmt"/>
        <line num="210" count="8" type="cond" truecount="2" falsecount="0"/>
        <line num="211" count="4" type="stmt"/>
        <line num="215" count="47" type="stmt"/>
        <line num="217" count="57" type="stmt"/>
        <line num="219" count="57" type="stmt"/>
      </file>
      <file name="uninstall.ts" path="/home/javier/programacion/platform/javi-ai/src/commands/uninstall.ts">
        <metrics statements="78" coveredstatements="78" conditionals="52" coveredconditionals="44" methods="5" coveredmethods="5"/>
        <line num="8" count="1" type="stmt"/>
        <line num="9" count="1" type="stmt"/>
        <line num="26" count="16" type="stmt"/>
        <line num="27" count="16" type="stmt"/>
        <line num="28" count="16" type="stmt"/>
        <line num="30" count="16" type="stmt"/>
        <line num="31" count="18" type="stmt"/>
        <line num="32" count="15" type="cond" truecount="1" falsecount="1"/>
        <line num="35" count="15" type="cond" truecount="2" falsecount="0"/>
        <line num="36" count="5" type="stmt"/>
        <line num="45" count="15" type="stmt"/>
        <line num="46" count="15" type="cond" truecount="2" falsecount="0"/>
        <line num="47" count="7" type="stmt"/>
        <line num="48" count="7" type="stmt"/>
        <line num="49" count="9" type="stmt"/>
        <line num="50" count="9" type="cond" truecount="2" falsecount="0"/>
        <line num="51" count="8" type="cond" truecount="4" falsecount="0"/>
        <line num="52" count="5" type="stmt"/>
        <line num="64" count="15" type="cond" truecount="2" falsecount="0"/>
        <line num="65" count="12" type="stmt"/>
        <line num="66" count="12" type="cond" truecount="2" falsecount="0"/>
        <line num="67" count="3" type="stmt"/>
        <line num="78" count="16" type="cond" truecount="2" falsecount="0"/>
        <line num="79" count="15" type="stmt"/>
        <line num="86" count="16" type="stmt"/>
        <line num="91" count="22" type="cond" truecount="2" falsecount="0"/>
        <line num="92" count="8" type="stmt"/>
        <line num="93" count="8" type="stmt"/>
        <line num="94" count="8" type="stmt"/>
        <line num="95" count="8" type="cond" truecount="2" falsecount="0"/>
        <line num="97" count="1" type="stmt"/>
        <line num="102" count="28" type="stmt"/>
        <line num="103" count="28" type="stmt"/>
        <line num="104" count="28" type="stmt"/>
        <line num="106" count="28" type="stmt"/>
        <line num="107" count="30" type="stmt"/>
        <line num="108" count="30" type="cond" truecount="2" falsecount="0"/>
        <line num="109" count="3" type="stmt"/>
        <line num="110" count="3" type="stmt"/>
        <line num="111" count="3" type="stmt"/>
        <line num="114" count="27" type="cond" truecount="2" falsecount="0"/>
        <line num="115" count="2" type="stmt"/>
        <line num="116" count="2" type="stmt"/>
        <line num="117" count="2" type="stmt"/>
        <line num="120" count="25" type="cond" truecount="2" falsecount="0"/>
        <line num="122" count="3" type="stmt"/>
        <line num="123" count="3" type="cond" truecount="2" falsecount="0"/>
        <line num="124" count="2" type="stmt"/>
        <line num="125" count="2" type="stmt"/>
        <line num="126" count="2" type="stmt"/>
        <line num="127" count="2" type="cond" truecount="1" falsecount="1"/>
        <line num="128" count="2" type="stmt"/>
        <line num="129" count="2" type="cond" truecount="1" falsecount="1"/>
        <line num="133" count="3" type="stmt"/>
        <line num="136" count="22" type="cond" truecount="1" falsecount="1"/>
        <line num="137" count="22" type="stmt"/>
        <line num="138" count="22" type="stmt"/>
        <line num="139" count="22" type="stmt"/>
        <line num="142" count="22" type="stmt"/>
        <line num="143" count="22" type="cond" truecount="2" falsecount="0"/>
        <line num="144" count="7" type="stmt"/>
        <line num="145" count="7" type="stmt"/>
        <line num="148" count="15" type="stmt"/>
        <line num="149" count="12" type="stmt"/>
        <line num="150" count="12" type="stmt"/>
        <line num="151" count="12" type="cond" truecount="4" falsecount="0"/>
        <line num="152" count="8" type="stmt"/>
        <line num="153" count="8" type="stmt"/>
        <line num="154" count="8" type="stmt"/>
        <line num="155" count="8" type="cond" truecount="2" falsecount="0"/>
        <line num="156" count="6" type="stmt"/>
        <line num="157" count="6" type="stmt"/>
        <line num="159" count="2" type="stmt"/>
        <line num="160" count="2" type="stmt"/>
        <line num="164" count="4" type="stmt"/>
        <line num="167" count="19" type="stmt"/>
        <line num="170" count="3" type="stmt"/>
        <line num="174" count="28" type="stmt"/>
      </file>
      <file name="update.ts" path="/home/javier/programacion/platform/javi-ai/src/commands/update.ts">
        <metrics statements="13" coveredstatements="13" conditionals="6" coveredconditionals="6" methods="3" coveredmethods="3"/>
        <line num="18" count="9" type="stmt"/>
        <line num="19" count="9" type="stmt"/>
        <line num="21" count="9" type="cond" truecount="2" falsecount="0"/>
        <line num="22" count="1" type="stmt"/>
        <line num="25" count="8" type="stmt"/>
        <line num="26" count="8" type="stmt"/>
        <line num="27" count="9" type="stmt"/>
        <line num="28" count="9" type="cond" truecount="2" falsecount="0"/>
        <line num="29" count="2" type="stmt"/>
        <line num="31" count="7" type="stmt"/>
        <line num="33" count="9" type="stmt"/>
        <line num="36" count="8" type="stmt"/>
        <line num="46" count="8" type="stmt"/>
      </file>
    </package>
    <package name="src.installer">
      <metrics statements="125" coveredstatements="125" conditionals="72" coveredconditionals="68" methods="9" coveredmethods="9"/>
      <file name="index.ts" path="/home/javier/programacion/platform/javi-ai/src/installer/index.ts">
        <metrics statements="73" coveredstatements="73" conditionals="46" coveredconditionals="45" methods="5" coveredmethods="5"/>
        <line num="11" count="1" type="stmt"/>
        <line num="12" count="1" type="stmt"/>
        <line num="18" count="53" type="stmt"/>
        <line num="19" count="53" type="stmt"/>
        <line num="21" count="53" type="stmt"/>
        <line num="22" count="65" type="stmt"/>
        <line num="23" count="55" type="cond" truecount="2" falsecount="0"/>
        <line num="26" count="54" type="cond" truecount="2" falsecount="0"/>
        <line num="27" count="15" type="stmt"/>
        <line num="28" count="15" type="stmt"/>
        <line num="29" count="15" type="stmt"/>
        <line num="30" count="11" type="stmt"/>
        <line num="32" count="4" type="stmt"/>
        <line num="37" count="54" type="cond" truecount="2" falsecount="0"/>
        <line num="38" count="18" type="stmt"/>
        <line num="39" count="18" type="stmt"/>
        <line num="40" count="18" type="stmt"/>
        <line num="41" count="16" type="stmt"/>
        <line num="43" count="2" type="stmt"/>
        <line num="48" count="54" type="cond" truecount="4" falsecount="0"/>
        <line num="49" count="10" type="stmt"/>
        <line num="50" count="10" type="stmt"/>
        <line num="51" count="10" type="stmt"/>
        <line num="52" count="9" type="stmt"/>
        <line num="54" count="1" type="stmt"/>
        <line num="59" count="54" type="cond" truecount="2" falsecount="0"/>
        <line num="60" count="10" type="stmt"/>
        <line num="61" count="10" type="stmt"/>
        <line num="62" count="10" type="stmt"/>
        <line num="63" count="9" type="stmt"/>
        <line num="65" count="1" type="stmt"/>
        <line num="71" count="53" type="cond" truecount="2" falsecount="0"/>
        <line num="72" count="49" type="stmt"/>
        <line num="73" count="49" type="stmt"/>
        <line num="74" count="49" type="stmt"/>
        <line num="75" count="49" type="stmt"/>
        <line num="80" count="18" type="stmt"/>
        <line num="81" count="18" type="cond" truecount="2" falsecount="0"/>
        <line num="83" count="12" type="cond" truecount="2" falsecount="0"/>
        <line num="84" count="11" type="stmt"/>
        <line num="85" count="11" type="stmt"/>
        <line num="88" count="12" type="stmt"/>
        <line num="89" count="10" type="stmt"/>
        <line num="90" count="10" type="stmt"/>
        <line num="91" count="10" type="stmt"/>
        <line num="92" count="10" type="cond" truecount="1" falsecount="1"/>
        <line num="94" count="10" type="stmt"/>
        <line num="95" count="10" type="stmt"/>
        <line num="97" count="10" type="cond" truecount="2" falsecount="0"/>
        <line num="99" count="9" type="stmt"/>
        <line num="101" count="9" type="cond" truecount="2" falsecount="0"/>
        <line num="102" count="4" type="cond" truecount="2" falsecount="0"/>
        <line num="103" count="5" type="cond" truecount="4" falsecount="0"/>
        <line num="104" count="2" type="cond" truecount="2" falsecount="0"/>
        <line num="107" count="3" type="cond" truecount="2" falsecount="0"/>
        <line num="108" count="2" type="stmt"/>
        <line num="115" count="10" type="stmt"/>
        <line num="116" count="10" type="stmt"/>
        <line num="117" count="10" type="cond" truecount="2" falsecount="0"/>
        <line num="118" count="9" type="cond" truecount="2" falsecount="0"/>
        <line num="119" count="8" type="stmt"/>
        <line num="120" count="7" type="stmt"/>
        <line num="121" count="7" type="stmt"/>
        <line num="122" count="4" type="stmt"/>
        <line num="123" count="4" type="cond" truecount="2" falsecount="0"/>
        <line num="124" count="3" type="stmt"/>
        <line num="125" count="3" type="stmt"/>
        <line num="131" count="10" type="stmt"/>
        <line num="132" count="10" type="cond" truecount="2" falsecount="0"/>
        <line num="133" count="9" type="cond" truecount="2" falsecount="0"/>
        <line num="134" count="8" type="cond" truecount="2" falsecount="0"/>
        <line num="137" count="10" type="stmt"/>
        <line num="138" count="8" type="stmt"/>
      </file>
      <file name="manifest.ts" path="/home/javier/programacion/platform/javi-ai/src/installer/manifest.ts">
        <metrics statements="7" coveredstatements="7" conditionals="0" coveredconditionals="0" methods="2" coveredmethods="2"/>
        <line num="6" count="1" type="stmt"/>
        <line num="15" count="11" type="stmt"/>
        <line num="16" count="11" type="stmt"/>
        <line num="17" count="3" type="stmt"/>
        <line num="19" count="10" type="stmt"/>
        <line num="24" count="3" type="stmt"/>
        <line num="25" count="3" type="stmt"/>
      </file>
      <file name="skills.ts" path="/home/javier/programacion/platform/javi-ai/src/installer/skills.ts">
        <metrics statements="45" coveredstatements="45" conditionals="26" coveredconditionals="23" methods="2" coveredmethods="2"/>
        <line num="7" count="1" type="stmt"/>
        <line num="8" count="1" type="stmt"/>
        <line num="13" count="13" type="stmt"/>
        <line num="14" count="13" type="cond" truecount="2" falsecount="0"/>
        <line num="16" count="12" type="stmt"/>
        <line num="17" count="12" type="stmt"/>
        <line num="18" count="12" type="stmt"/>
        <line num="19" count="12" type="stmt"/>
        <line num="21" count="12" type="cond" truecount="2" falsecount="0"/>
        <line num="22" count="9" type="stmt"/>
        <line num="26" count="12" type="stmt"/>
        <line num="27" count="11" type="stmt"/>
        <line num="28" count="66" type="cond" truecount="4" falsecount="0"/>
        <line num="29" count="44" type="stmt"/>
        <line num="30" count="44" type="stmt"/>
        <line num="31" count="44" type="cond" truecount="1" falsecount="1"/>
        <line num="33" count="44" type="stmt"/>
        <line num="34" count="44" type="stmt"/>
        <line num="36" count="44" type="cond" truecount="2" falsecount="0"/>
        <line num="38" count="33" type="stmt"/>
        <line num="39" count="33" type="cond" truecount="2" falsecount="0"/>
        <line num="40" count="24" type="stmt"/>
        <line num="41" count="24" type="stmt"/>
        <line num="43" count="24" type="cond" truecount="2" falsecount="0"/>
        <line num="44" count="8" type="stmt"/>
        <line num="45" count="8" type="stmt"/>
        <line num="47" count="24" type="stmt"/>
        <line num="49" count="33" type="stmt"/>
        <line num="53" count="11" type="stmt"/>
        <line num="54" count="11" type="cond" truecount="1" falsecount="1"/>
        <line num="55" count="11" type="stmt"/>
        <line num="56" count="11" type="cond" truecount="2" falsecount="0"/>
        <line num="57" count="8" type="stmt"/>
        <line num="58" count="8" type="stmt"/>
        <line num="60" count="11" type="stmt"/>
        <line num="64" count="11" type="cond" truecount="2" falsecount="0"/>
        <line num="65" count="10" type="stmt"/>
        <line num="66" count="10" type="stmt"/>
        <line num="67" count="20" type="cond" truecount="1" falsecount="1"/>
        <line num="68" count="20" type="stmt"/>
        <line num="69" count="20" type="stmt"/>
        <line num="70" count="20" type="cond" truecount="2" falsecount="0"/>
        <line num="71" count="14" type="stmt"/>
        <line num="73" count="20" type="stmt"/>
        <line num="77" count="11" type="stmt"/>
      </file>
    </package>
    <package name="src.merger">
      <metrics statements="41" coveredstatements="41" conditionals="26" coveredconditionals="26" methods="4" coveredmethods="4"/>
      <file name="json.ts" path="/home/javier/programacion/platform/javi-ai/src/merger/json.ts">
        <metrics statements="26" coveredstatements="26" conditionals="18" coveredconditionals="18" methods="3" coveredmethods="3"/>
        <line num="7" count="29" type="stmt"/>
        <line num="8" count="29" type="stmt"/>
        <line num="9" count="30" type="stmt"/>
        <line num="10" count="30" type="stmt"/>
        <line num="11" count="30" type="cond" truecount="2" falsecount="0"/>
        <line num="19" count="5" type="stmt"/>
        <line num="20" count="25" type="cond" truecount="4" falsecount="0"/>
        <line num="22" count="6" type="stmt"/>
        <line num="23" count="6" type="stmt"/>
        <line num="24" count="9" type="stmt"/>
        <line num="25" count="16" type="cond" truecount="2" falsecount="0"/>
        <line num="26" count="5" type="stmt"/>
        <line num="29" count="6" type="stmt"/>
        <line num="31" count="19" type="stmt"/>
        <line num="34" count="29" type="stmt"/>
        <line num="42" count="27" type="stmt"/>
        <line num="43" count="27" type="stmt"/>
        <line num="45" count="27" type="cond" truecount="2" falsecount="0"/>
        <line num="46" count="25" type="cond" truecount="2" falsecount="0"/>
        <line num="47" count="1" type="stmt"/>
        <line num="49" count="25" type="stmt"/>
        <line num="50" count="25" type="stmt"/>
        <line num="51" count="25" type="stmt"/>
        <line num="52" count="25" type="stmt"/>
        <line num="54" count="1" type="stmt"/>
        <line num="55" count="1" type="stmt"/>
      </file>
      <file name="markdown.ts" path="/home/javier/programacion/platform/javi-ai/src/merger/markdown.ts">
        <metrics statements="15" coveredstatements="15" conditionals="8" coveredconditionals="8" methods="1" coveredmethods="1"/>
        <line num="9" count="13" type="stmt"/>
        <line num="10" count="13" type="stmt"/>
        <line num="12" count="13" type="cond" truecount="2" falsecount="0"/>
        <line num="13" count="12" type="cond" truecount="2" falsecount="0"/>
        <line num="14" count="1" type="stmt"/>
        <line num="16" count="12" type="stmt"/>
        <line num="17" count="12" type="stmt"/>
        <line num="18" count="12" type="stmt"/>
        <line num="20" count="12" type="cond" truecount="4" falsecount="0"/>
        <line num="22" count="6" type="stmt"/>
        <line num="23" count="6" type="stmt"/>
        <line num="24" count="6" type="stmt"/>
        <line num="27" count="6" type="stmt"/>
        <line num="30" count="1" type="stmt"/>
        <line num="31" count="1" type="stmt"/>
      </file>
    </package>
  </project>
</coverage>
