{"/home/javier/programacion/platform/javi-ai/src/constants.ts": {"path":"/home/javier/programacion/platform/javi-ai/src/constants.ts","statementMap":{"0":{"start":{"line":5,"column":20},"end":{"line":5,"column":32}},"1":{"start":{"line":7,"column":40},"end":{"line":50,"column":null}},"2":{"start":{"line":52,"column":29},"end":{"line":52,"column":73}},"3":{"start":{"line":53,"column":26},"end":{"line":53,"column":64}},"4":{"start":{"line":55,"column":28},"end":{"line":55,"column":null}},"5":{"start":{"line":56,"column":26},"end":{"line":56,"column":null}}},"fnMap":{},"branchMap":{},"s":{"0":1,"1":1,"2":1,"3":1,"4":1,"5":1},"f":{},"b":{},"meta":{"lastBranch":0,"lastFunction":0,"lastStatement":6,"seen":{"s:5:20:5:32":0,"s:7:40:50:Infinity":1,"s:52:29:52:73":2,"s:53:26:53:64":3,"s:55:28:55:Infinity":4,"s:56:26:56:Infinity":5}}}
,"/home/javier/programacion/platform/javi-ai/src/commands/doctor.ts": {"path":"/home/javier/programacion/platform/javi-ai/src/commands/doctor.ts","statementMap":{"0":{"start":{"line":10,"column":6},"end":{"line":10,"column":41}},"1":{"start":{"line":12,"column":18},"end":{"line":12,"column":62}},"2":{"start":{"line":13,"column":20},"end":{"line":13,"column":53}},"3":{"start":{"line":34,"column":2},"end":{"line":38,"column":null}},"4":{"start":{"line":35,"column":23},"end":{"line":35,"column":58}},"5":{"start":{"line":36,"column":4},"end":{"line":36,"column":null}},"6":{"start":{"line":38,"column":4},"end":{"line":38,"column":null}},"7":{"start":{"line":44,"column":2},"end":{"line":44,"column":null}},"8":{"start":{"line":44,"column":40},"end":{"line":44,"column":null}},"9":{"start":{"line":45,"column":18},"end":{"line":45,"column":46}},"10":{"start":{"line":46,"column":14},"end":{"line":46,"column":null}},"11":{"start":{"line":47,"column":2},"end":{"line":49,"column":null}},"12":{"start":{"line":48,"column":20},"end":{"line":48,"column":60}},"13":{"start":{"line":49,"column":4},"end":{"line":49,"column":null}},"14":{"start":{"line":49,"column":38},"end":{"line":49,"column":null}},"15":{"start":{"line":51,"column":2},"end":{"line":51,"column":null}},"16":{"start":{"line":56,"column":22},"end":{"line":56,"column":66}},"17":{"start":{"line":57,"column":17},"end":{"line":57,"column":56}},"18":{"start":{"line":58,"column":16},"end":{"line":58,"column":33}},"19":{"start":{"line":60,"column":2},"end":{"line":65,"column":null}},"20":{"start":{"line":61,"column":17},"end":{"line":61,"column":46}},"21":{"start":{"line":62,"column":4},"end":{"line":65,"column":null}},"22":{"start":{"line":63,"column":6},"end":{"line":63,"column":null}},"23":{"start":{"line":63,"column":48},"end":{"line":63,"column":null}},"24":{"start":{"line":64,"column":6},"end":{"line":65,"column":null}},"25":{"start":{"line":65,"column":8},"end":{"line":65,"column":null}},"26":{"start":{"line":70,"column":2},"end":{"line":73,"column":null}},"27":{"start":{"line":71,"column":17},"end":{"line":71,"column":41}},"28":{"start":{"line":72,"column":4},"end":{"line":73,"column":null}},"29":{"start":{"line":73,"column":6},"end":{"line":73,"column":null}},"30":{"start":{"line":73,"column":30},"end":{"line":73,"column":null}},"31":{"start":{"line":77,"column":2},"end":{"line":77,"column":null}},"32":{"start":{"line":81,"column":75},"end":{"line":88,"column":null}},"33":{"start":{"line":91,"column":19},"end":{"line":91,"column":39}},"34":{"start":{"line":92,"column":24},"end":{"line":92,"column":51}},"35":{"start":{"line":93,"column":25},"end":{"line":93,"column":52}},"36":{"start":{"line":94,"column":36},"end":{"line":94,"column":38}},"37":{"start":{"line":97,"column":39},"end":{"line":97,"column":41}},"38":{"start":{"line":99,"column":2},"end":{"line":113,"column":null}},"39":{"start":{"line":100,"column":4},"end":{"line":103,"column":null}},"40":{"start":{"line":104,"column":4},"end":{"line":107,"column":null}},"41":{"start":{"line":109,"column":4},"end":{"line":113,"column":null}},"42":{"start":{"line":116,"column":2},"end":{"line":116,"column":null}},"43":{"start":{"line":119,"column":35},"end":{"line":119,"column":37}},"44":{"start":{"line":120,"column":2},"end":{"line":127,"column":null}},"45":{"start":{"line":121,"column":16},"end":{"line":121,"column":35}},"46":{"start":{"line":122,"column":4},"end":{"line":127,"column":null}},"47":{"start":{"line":123,"column":6},"end":{"line":123,"column":null}},"48":{"start":{"line":124,"column":15},"end":{"line":127,"column":null}},"49":{"start":{"line":125,"column":6},"end":{"line":125,"column":null}},"50":{"start":{"line":127,"column":6},"end":{"line":127,"column":null}},"51":{"start":{"line":130,"column":2},"end":{"line":130,"column":null}},"52":{"start":{"line":133,"column":37},"end":{"line":133,"column":39}},"53":{"start":{"line":134,"column":2},"end":{"line":143,"column":null}},"54":{"start":{"line":135,"column":16},"end":{"line":135,"column":51}},"55":{"start":{"line":135,"column":38},"end":{"line":135,"column":51}},"56":{"start":{"line":136,"column":4},"end":{"line":136,"column":null}},"57":{"start":{"line":136,"column":14},"end":{"line":136,"column":null}},"58":{"start":{"line":137,"column":20},"end":{"line":137,"column":62}},"59":{"start":{"line":138,"column":15},"end":{"line":138,"column":null}},"60":{"start":{"line":139,"column":4},"end":{"line":143,"column":null}},"61":{"start":{"line":145,"column":2},"end":{"line":146,"column":null}},"62":{"start":{"line":146,"column":4},"end":{"line":146,"column":null}},"63":{"start":{"line":148,"column":2},"end":{"line":148,"column":null}},"64":{"start":{"line":151,"column":38},"end":{"line":151,"column":40}},"65":{"start":{"line":152,"column":2},"end":{"line":157,"column":null}},"66":{"start":{"line":153,"column":4},"end":{"line":157,"column":null}},"67":{"start":{"line":154,"column":6},"end":{"line":154,"column":null}},"68":{"start":{"line":156,"column":21},"end":{"line":156,"column":50}},"69":{"start":{"line":157,"column":6},"end":{"line":157,"column":null}},"70":{"start":{"line":160,"column":2},"end":{"line":160,"column":null}},"71":{"start":{"line":163,"column":36},"end":{"line":163,"column":38}},"72":{"start":{"line":164,"column":19},"end":{"line":164,"column":76}},"73":{"start":{"line":165,"column":19},"end":{"line":165,"column":67}},"74":{"start":{"line":167,"column":2},"end":{"line":178,"column":null}},"75":{"start":{"line":168,"column":22},"end":{"line":168,"column":48}},"76":{"start":{"line":169,"column":4},"end":{"line":178,"column":null}},"77":{"start":{"line":170,"column":23},"end":{"line":170,"column":52}},"78":{"start":{"line":171,"column":6},"end":{"line":178,"column":null}},"79":{"start":{"line":172,"column":8},"end":{"line":172,"column":null}},"80":{"start":{"line":174,"column":8},"end":{"line":178,"column":null}},"81":{"start":{"line":175,"column":10},"end":{"line":175,"column":null}},"82":{"start":{"line":176,"column":10},"end":{"line":176,"column":null}},"83":{"start":{"line":178,"column":10},"end":{"line":178,"column":null}},"84":{"start":{"line":183,"column":2},"end":{"line":184,"column":null}},"85":{"start":{"line":184,"column":4},"end":{"line":184,"column":null}},"86":{"start":{"line":186,"column":2},"end":{"line":186,"column":null}},"87":{"start":{"line":189,"column":38},"end":{"line":189,"column":40}},"88":{"start":{"line":190,"column":2},"end":{"line":215,"column":null}},"89":{"start":{"line":191,"column":10},"end":{"line":191,"column":70}},"90":{"start":{"line":192,"column":4},"end":{"line":211,"column":null}},"91":{"start":{"line":193,"column":6},"end":{"line":193,"column":null}},"92":{"start":{"line":195,"column":6},"end":{"line":208,"column":null}},"93":{"start":{"line":196,"column":27},"end":{"line":196,"column":56}},"94":{"start":{"line":197,"column":22},"end":{"line":197,"column":71}},"95":{"start":{"line":198,"column":14},"end":{"line":203,"column":53}},"96":{"start":{"line":200,"column":25},"end":{"line":200,"column":72}},"97":{"start":{"line":201,"column":12},"end":{"line":201,"column":null}},"98":{"start":{"line":203,"column":44},"end":{"line":203,"column":51}},"99":{"start":{"line":204,"column":8},"end":{"line":208,"column":null}},"100":{"start":{"line":210,"column":6},"end":{"line":211,"column":null}},"101":{"start":{"line":211,"column":8},"end":{"line":211,"column":null}},"102":{"start":{"line":215,"column":4},"end":{"line":215,"column":null}},"103":{"start":{"line":217,"column":2},"end":{"line":217,"column":null}},"104":{"start":{"line":219,"column":2},"end":{"line":219,"column":null}}},"fnMap":{"0":{"name":"which","decl":{"start":{"line":33,"column":15},"end":{"line":33,"column":21}},"loc":{"start":{"line":33,"column":58},"end":{"line":38,"column":null}},"line":33},"1":{"name":"countInstalledSkills","decl":{"start":{"line":43,"column":15},"end":{"line":43,"column":36}},"loc":{"start":{"line":43,"column":73},"end":{"line":51,"column":null}},"line":43},"2":{"name":"countExpectedSkills","decl":{"start":{"line":55,"column":15},"end":{"line":55,"column":54}},"loc":{"start":{"line":55,"column":54},"end":{"line":77,"column":null}},"line":55},"3":{"name":"runDoctor","decl":{"start":{"line":90,"column":22},"end":{"line":90,"column":57}},"loc":{"start":{"line":90,"column":57},"end":{"line":219,"column":null}},"line":90},"4":{"name":"(anonymous_4)","decl":{"start":{"line":135,"column":28},"end":{"line":135,"column":33}},"loc":{"start":{"line":135,"column":38},"end":{"line":135,"column":51}},"line":135},"5":{"name":"(anonymous_5)","decl":{"start":{"line":199,"column":20},"end":{"line":199,"column":26}},"loc":{"start":{"line":199,"column":31},"end":{"line":202,"column":null}},"line":199},"6":{"name":"(anonymous_6)","decl":{"start":{"line":203,"column":11},"end":{"line":203,"column":19}},"loc":{"start":{"line":203,"column":44},"end":{"line":203,"column":51}},"line":203}},"branchMap":{"0":{"loc":{"start":{"line":36,"column":11},"end":{"line":36,"column":null}},"type":"binary-expr","locations":[{"start":{"line":36,"column":11},"end":{"line":36,"column":24}},{"start":{"line":36,"column":28},"end":{"line":36,"column":null}}],"line":36},"1":{"loc":{"start":{"line":44,"column":2},"end":{"line":44,"column":null}},"type":"if","locations":[{"start":{"line":44,"column":2},"end":{"line":44,"column":null}},{"start":{},"end":{}}],"line":44},"2":{"loc":{"start":{"line":49,"column":4},"end":{"line":49,"column":null}},"type":"if","locations":[{"start":{"line":49,"column":4},"end":{"line":49,"column":null}},{"start":{},"end":{}}],"line":49},"3":{"loc":{"start":{"line":60,"column":2},"end":{"line":65,"column":null}},"type":"if","locations":[{"start":{"line":60,"column":2},"end":{"line":65,"column":null}},{"start":{},"end":{}}],"line":60},"4":{"loc":{"start":{"line":63,"column":6},"end":{"line":63,"column":null}},"type":"if","locations":[{"start":{"line":63,"column":6},"end":{"line":63,"column":null}},{"start":{},"end":{}}],"line":63},"5":{"loc":{"start":{"line":63,"column":10},"end":{"line":63,"column":48}},"type":"binary-expr","locations":[{"start":{"line":63,"column":10},"end":{"line":63,"column":27}},{"start":{"line":63,"column":31},"end":{"line":63,"column":48}}],"line":63},"6":{"loc":{"start":{"line":64,"column":6},"end":{"line":65,"column":null}},"type":"if","locations":[{"start":{"line":64,"column":6},"end":{"line":65,"column":null}},{"start":{},"end":{}}],"line":64},"7":{"loc":{"start":{"line":70,"column":2},"end":{"line":73,"column":null}},"type":"if","locations":[{"start":{"line":70,"column":2},"end":{"line":73,"column":null}},{"start":{},"end":{}}],"line":70},"8":{"loc":{"start":{"line":73,"column":6},"end":{"line":73,"column":null}},"type":"if","locations":[{"start":{"line":73,"column":6},"end":{"line":73,"column":null}},{"start":{},"end":{}}],"line":73},"9":{"loc":{"start":{"line":82,"column":91},"end":{"line":82,"column":119}},"type":"binary-expr","locations":[{"start":{"line":82,"column":91},"end":{"line":82,"column":114}},{"start":{"line":82,"column":114},"end":{"line":82,"column":119}}],"line":82},"10":{"loc":{"start":{"line":83,"column":92},"end":{"line":83,"column":120}},"type":"binary-expr","locations":[{"start":{"line":83,"column":92},"end":{"line":83,"column":115}},{"start":{"line":83,"column":115},"end":{"line":83,"column":120}}],"line":83},"11":{"loc":{"start":{"line":84,"column":92},"end":{"line":84,"column":120}},"type":"binary-expr","locations":[{"start":{"line":84,"column":92},"end":{"line":84,"column":115}},{"start":{"line":84,"column":115},"end":{"line":84,"column":120}}],"line":84},"12":{"loc":{"start":{"line":85,"column":92},"end":{"line":85,"column":120}},"type":"binary-expr","locations":[{"start":{"line":85,"column":92},"end":{"line":85,"column":115}},{"start":{"line":85,"column":115},"end":{"line":85,"column":120}}],"line":85},"13":{"loc":{"start":{"line":86,"column":92},"end":{"line":86,"column":120}},"type":"binary-expr","locations":[{"start":{"line":86,"column":92},"end":{"line":86,"column":115}},{"start":{"line":86,"column":115},"end":{"line":86,"column":120}}],"line":86},"14":{"loc":{"start":{"line":87,"column":92},"end":{"line":87,"column":120}},"type":"binary-expr","locations":[{"start":{"line":87,"column":92},"end":{"line":87,"column":115}},{"start":{"line":87,"column":115},"end":{"line":87,"column":120}}],"line":87},"15":{"loc":{"start":{"line":99,"column":2},"end":{"line":113,"column":null}},"type":"if","locations":[{"start":{"line":99,"column":2},"end":{"line":113,"column":null}},{"start":{"line":108,"column":9},"end":{"line":113,"column":null}}],"line":99},"16":{"loc":{"start":{"line":122,"column":4},"end":{"line":127,"column":null}},"type":"if","locations":[{"start":{"line":122,"column":4},"end":{"line":127,"column":null}},{"start":{"line":124,"column":15},"end":{"line":127,"column":null}}],"line":122},"17":{"loc":{"start":{"line":124,"column":15},"end":{"line":127,"column":null}},"type":"if","locations":[{"start":{"line":124,"column":15},"end":{"line":127,"column":null}},{"start":{"line":126,"column":11},"end":{"line":127,"column":null}}],"line":124},"18":{"loc":{"start":{"line":136,"column":4},"end":{"line":136,"column":null}},"type":"if","locations":[{"start":{"line":136,"column":4},"end":{"line":136,"column":null}},{"start":{},"end":{}}],"line":136},"19":{"loc":{"start":{"line":141,"column":14},"end":{"line":141,"column":null}},"type":"cond-expr","locations":[{"start":{"line":141,"column":19},"end":{"line":141,"column":26}},{"start":{"line":141,"column":26},"end":{"line":141,"column":null}}],"line":141},"20":{"loc":{"start":{"line":145,"column":2},"end":{"line":146,"column":null}},"type":"if","locations":[{"start":{"line":145,"column":2},"end":{"line":146,"column":null}},{"start":{},"end":{}}],"line":145},"21":{"loc":{"start":{"line":153,"column":4},"end":{"line":157,"column":null}},"type":"if","locations":[{"start":{"line":153,"column":4},"end":{"line":157,"column":null}},{"start":{"line":155,"column":11},"end":{"line":157,"column":null}}],"line":153},"22":{"loc":{"start":{"line":157,"column":41},"end":{"line":157,"column":65}},"type":"cond-expr","locations":[{"start":{"line":157,"column":50},"end":{"line":157,"column":57}},{"start":{"line":157,"column":57},"end":{"line":157,"column":65}}],"line":157},"23":{"loc":{"start":{"line":157,"column":73},"end":{"line":157,"column":105}},"type":"cond-expr","locations":[{"start":{"line":157,"column":82},"end":{"line":157,"column":94}},{"start":{"line":157,"column":94},"end":{"line":157,"column":105}}],"line":157},"24":{"loc":{"start":{"line":164,"column":29},"end":{"line":164,"column":57}},"type":"binary-expr","locations":[{"start":{"line":164,"column":29},"end":{"line":164,"column":52}},{"start":{"line":164,"column":52},"end":{"line":164,"column":57}}],"line":164},"25":{"loc":{"start":{"line":167,"column":2},"end":{"line":178,"column":null}},"type":"if","locations":[{"start":{"line":167,"column":2},"end":{"line":178,"column":null}},{"start":{},"end":{}}],"line":167},"26":{"loc":{"start":{"line":167,"column":6},"end":{"line":167,"column":66}},"type":"binary-expr","locations":[{"start":{"line":167,"column":6},"end":{"line":167,"column":33}},{"start":{"line":167,"column":37},"end":{"line":167,"column":66}}],"line":167},"27":{"loc":{"start":{"line":171,"column":6},"end":{"line":178,"column":null}},"type":"if","locations":[{"start":{"line":171,"column":6},"end":{"line":178,"column":null}},{"start":{"line":173,"column":13},"end":{"line":178,"column":null}}],"line":171},"28":{"loc":{"start":{"line":183,"column":2},"end":{"line":184,"column":null}},"type":"if","locations":[{"start":{"line":183,"column":2},"end":{"line":184,"column":null}},{"start":{},"end":{}}],"line":183},"29":{"loc":{"start":{"line":190,"column":2},"end":{"line":215,"column":null}},"type":"if","locations":[{"start":{"line":190,"column":2},"end":{"line":215,"column":null}},{"start":{"line":214,"column":9},"end":{"line":215,"column":null}}],"line":190},"30":{"loc":{"start":{"line":192,"column":4},"end":{"line":211,"column":null}},"type":"if","locations":[{"start":{"line":192,"column":4},"end":{"line":211,"column":null}},{"start":{"line":194,"column":11},"end":{"line":211,"column":null}}],"line":192},"31":{"loc":{"start":{"line":201,"column":19},"end":{"line":201,"column":null}},"type":"cond-expr","locations":[{"start":{"line":201,"column":35},"end":{"line":201,"column":39}},{"start":{"line":201,"column":39},"end":{"line":201,"column":null}}],"line":201},"32":{"loc":{"start":{"line":210,"column":6},"end":{"line":211,"column":null}},"type":"if","locations":[{"start":{"line":210,"column":6},"end":{"line":211,"column":null}},{"start":{},"end":{}}],"line":210}},"s":{"0":1,"1":1,"2":1,"3":114,"4":114,"5":5,"6":109,"7":40,"8":30,"9":10,"10":10,"11":10,"12":11,"13":11,"14":10,"15":10,"16":57,"17":57,"18":57,"19":57,"20":9,"21":9,"22":15,"23":2,"24":13,"25":12,"26":57,"27":2,"28":2,"29":2,"30":2,"31":57,"32":1,"33":57,"34":57,"35":57,"36":57,"37":57,"38":57,"39":37,"40":37,"41":20,"42":57,"43":57,"44":57,"45":114,"46":114,"47":74,"48":40,"49":2,"50":38,"51":57,"52":57,"53":57,"54":40,"55":45,"56":40,"57":0,"58":40,"59":40,"60":40,"61":57,"62":20,"63":57,"64":57,"65":57,"66":342,"67":302,"68":40,"69":40,"70":57,"71":57,"72":57,"73":57,"74":57,"75":10,"76":10,"77":10,"78":10,"79":6,"80":4,"81":4,"82":2,"83":2,"84":57,"85":48,"86":57,"87":57,"88":57,"89":10,"90":10,"91":2,"92":8,"93":30,"94":30,"95":30,"96":34,"97":34,"98":34,"99":30,"100":8,"101":4,"102":47,"103":57,"104":57},"f":{"0":114,"1":40,"2":57,"3":57,"4":45,"5":34,"6":34},"b":{"0":[5,2],"1":[30,10],"2":[10,1],"3":[9,48],"4":[2,13],"5":[15,14],"6":[12,1],"7":[2,55],"8":[2,0],"9":[1,0],"10":[1,0],"11":[1,0],"12":[1,0],"13":[1,0],"14":[1,0],"15":[37,20],"16":[74,40],"17":[2,38],"18":[0,40],"19":[37,3],"20":[20,37],"21":[302,40],"22":[36,4],"23":[36,4],"24":[57,0],"25":[10,47],"26":[57,35],"27":[6,4],"28":[48,9],"29":[10,47],"30":[2,8],"31":[33,1],"32":[4,4]},"meta":{"lastBranch":33,"lastFunction":7,"lastStatement":105,"seen":{"s:10:6:10:41":0,"s:12:18:12:62":1,"s:13:20:13:53":2,"f:33:15:33:21":0,"s:34:2:38:Infinity":3,"s:35:23:35:58":4,"s:36:4:36:Infinity":5,"b:36:11:36:24:36:28:36:Infinity":0,"s:38:4:38:Infinity":6,"f:43:15:43:36":1,"b:44:2:44:Infinity:undefined:undefined:undefined:undefined":1,"s:44:2:44:Infinity":7,"s:44:40:44:Infinity":8,"s:45:18:45:46":9,"s:46:14:46:Infinity":10,"s:47:2:49:Infinity":11,"s:48:20:48:60":12,"b:49:4:49:Infinity:undefined:undefined:undefined:undefined":2,"s:49:4:49:Infinity":13,"s:49:38:49:Infinity":14,"s:51:2:51:Infinity":15,"f:55:15:55:54":2,"s:56:22:56:66":16,"s:57:17:57:56":17,"s:58:16:58:33":18,"b:60:2:65:Infinity:undefined:undefined:undefined:undefined":3,"s:60:2:65:Infinity":19,"s:61:17:61:46":20,"s:62:4:65:Infinity":21,"b:63:6:63:Infinity:undefined:undefined:undefined:undefined":4,"s:63:6:63:Infinity":22,"b:63:10:63:27:63:31:63:48":5,"s:63:48:63:Infinity":23,"b:64:6:65:Infinity:undefined:undefined:undefined:undefined":6,"s:64:6:65:Infinity":24,"s:65:8:65:Infinity":25,"b:70:2:73:Infinity:undefined:undefined:undefined:undefined":7,"s:70:2:73:Infinity":26,"s:71:17:71:41":27,"s:72:4:73:Infinity":28,"b:73:6:73:Infinity:undefined:undefined:undefined:undefined":8,"s:73:6:73:Infinity":29,"s:73:30:73:Infinity":30,"s:77:2:77:Infinity":31,"s:81:75:88:Infinity":32,"b:82:91:82:114:82:114:82:119":9,"b:83:92:83:115:83:115:83:120":10,"b:84:92:84:115:84:115:84:120":11,"b:85:92:85:115:85:115:85:120":12,"b:86:92:86:115:86:115:86:120":13,"b:87:92:87:115:87:115:87:120":14,"f:90:22:90:57":3,"s:91:19:91:39":33,"s:92:24:92:51":34,"s:93:25:93:52":35,"s:94:36:94:38":36,"s:97:39:97:41":37,"b:99:2:113:Infinity:108:9:113:Infinity":15,"s:99:2:113:Infinity":38,"s:100:4:103:Infinity":39,"s:104:4:107:Infinity":40,"s:109:4:113:Infinity":41,"s:116:2:116:Infinity":42,"s:119:35:119:37":43,"s:120:2:127:Infinity":44,"s:121:16:121:35":45,"b:122:4:127:Infinity:124:15:127:Infinity":16,"s:122:4:127:Infinity":46,"s:123:6:123:Infinity":47,"b:124:15:127:Infinity:126:11:127:Infinity":17,"s:124:15:127:Infinity":48,"s:125:6:125:Infinity":49,"s:127:6:127:Infinity":50,"s:130:2:130:Infinity":51,"s:133:37:133:39":52,"s:134:2:143:Infinity":53,"s:135:16:135:51":54,"f:135:28:135:33":4,"s:135:38:135:51":55,"b:136:4:136:Infinity:undefined:undefined:undefined:undefined":18,"s:136:4:136:Infinity":56,"s:136:14:136:Infinity":57,"s:137:20:137:62":58,"s:138:15:138:Infinity":59,"s:139:4:143:Infinity":60,"b:141:19:141:26:141:26:141:Infinity":19,"b:145:2:146:Infinity:undefined:undefined:undefined:undefined":20,"s:145:2:146:Infinity":61,"s:146:4:146:Infinity":62,"s:148:2:148:Infinity":63,"s:151:38:151:40":64,"s:152:2:157:Infinity":65,"b:153:4:157:Infinity:155:11:157:Infinity":21,"s:153:4:157:Infinity":66,"s:154:6:154:Infinity":67,"s:156:21:156:50":68,"s:157:6:157:Infinity":69,"b:157:50:157:57:157:57:157:65":22,"b:157:82:157:94:157:94:157:105":23,"s:160:2:160:Infinity":70,"s:163:36:163:38":71,"s:164:19:164:76":72,"b:164:29:164:52:164:52:164:57":24,"s:165:19:165:67":73,"b:167:2:178:Infinity:undefined:undefined:undefined:undefined":25,"s:167:2:178:Infinity":74,"b:167:6:167:33:167:37:167:66":26,"s:168:22:168:48":75,"s:169:4:178:Infinity":76,"s:170:23:170:52":77,"b:171:6:178:Infinity:173:13:178:Infinity":27,"s:171:6:178:Infinity":78,"s:172:8:172:Infinity":79,"s:174:8:178:Infinity":80,"s:175:10:175:Infinity":81,"s:176:10:176:Infinity":82,"s:178:10:178:Infinity":83,"b:183:2:184:Infinity:undefined:undefined:undefined:undefined":28,"s:183:2:184:Infinity":84,"s:184:4:184:Infinity":85,"s:186:2:186:Infinity":86,"s:189:38:189:40":87,"b:190:2:215:Infinity:214:9:215:Infinity":29,"s:190:2:215:Infinity":88,"s:191:10:191:70":89,"b:192:4:211:Infinity:194:11:211:Infinity":30,"s:192:4:211:Infinity":90,"s:193:6:193:Infinity":91,"s:195:6:208:Infinity":92,"s:196:27:196:56":93,"s:197:22:197:71":94,"s:198:14:203:53":95,"f:199:20:199:26":5,"s:200:25:200:72":96,"s:201:12:201:Infinity":97,"b:201:35:201:39:201:39:201:Infinity":31,"f:203:11:203:19":6,"s:203:44:203:51":98,"s:204:8:208:Infinity":99,"b:210:6:211:Infinity:undefined:undefined:undefined:undefined":32,"s:210:6:211:Infinity":100,"s:211:8:211:Infinity":101,"s:215:4:215:Infinity":102,"s:217:2:217:Infinity":103,"s:219:2:219:Infinity":104}}}
,"/home/javier/programacion/platform/javi-ai/src/commands/uninstall.ts": {"path":"/home/javier/programacion/platform/javi-ai/src/commands/uninstall.ts","statementMap":{"0":{"start":{"line":8,"column":18},"end":{"line":8,"column":62}},"1":{"start":{"line":9,"column":20},"end":{"line":9,"column":53}},"2":{"start":{"line":26,"column":19},"end":{"line":26,"column":39}},"3":{"start":{"line":27,"column":22},"end":{"line":27,"column":null}},"4":{"start":{"line":28,"column":33},"end":{"line":28,"column":35}},"5":{"start":{"line":30,"column":2},"end":{"line":72,"column":null}},"6":{"start":{"line":31,"column":16},"end":{"line":31,"column":51}},"7":{"start":{"line":31,"column":38},"end":{"line":31,"column":51}},"8":{"start":{"line":32,"column":4},"end":{"line":32,"column":null}},"9":{"start":{"line":32,"column":14},"end":{"line":32,"column":null}},"10":{"start":{"line":35,"column":4},"end":{"line":41,"column":null}},"11":{"start":{"line":36,"column":6},"end":{"line":41,"column":null}},"12":{"start":{"line":45,"column":22},"end":{"line":45,"column":60}},"13":{"start":{"line":46,"column":4},"end":{"line":57,"column":null}},"14":{"start":{"line":47,"column":20},"end":{"line":47,"column":68}},"15":{"start":{"line":48,"column":6},"end":{"line":57,"column":null}},"16":{"start":{"line":49,"column":21},"end":{"line":49,"column":52}},"17":{"start":{"line":50,"column":8},"end":{"line":57,"column":null}},"18":{"start":{"line":51,"column":10},"end":{"line":57,"column":null}},"19":{"start":{"line":52,"column":12},"end":{"line":57,"column":null}},"20":{"start":{"line":64,"column":4},"end":{"line":72,"column":null}},"21":{"start":{"line":65,"column":23},"end":{"line":65,"column":57}},"22":{"start":{"line":66,"column":6},"end":{"line":72,"column":null}},"23":{"start":{"line":67,"column":8},"end":{"line":72,"column":null}},"24":{"start":{"line":78,"column":2},"end":{"line":83,"column":null}},"25":{"start":{"line":79,"column":4},"end":{"line":83,"column":null}},"26":{"start":{"line":86,"column":2},"end":{"line":86,"column":null}},"27":{"start":{"line":91,"column":2},"end":{"line":91,"column":null}},"28":{"start":{"line":91,"column":40},"end":{"line":91,"column":null}},"29":{"start":{"line":92,"column":8},"end":{"line":92,"column":62}},"30":{"start":{"line":93,"column":2},"end":{"line":95,"column":null}},"31":{"start":{"line":94,"column":22},"end":{"line":94,"column":62}},"32":{"start":{"line":95,"column":4},"end":{"line":95,"column":null}},"33":{"start":{"line":95,"column":40},"end":{"line":95,"column":null}},"34":{"start":{"line":97,"column":2},"end":{"line":97,"column":null}},"35":{"start":{"line":102,"column":28},"end":{"line":102,"column":30}},"36":{"start":{"line":103,"column":29},"end":{"line":103,"column":31}},"37":{"start":{"line":104,"column":27},"end":{"line":104,"column":29}},"38":{"start":{"line":106,"column":2},"end":{"line":170,"column":null}},"39":{"start":{"line":107,"column":4},"end":{"line":170,"column":null}},"40":{"start":{"line":108,"column":6},"end":{"line":111,"column":null}},"41":{"start":{"line":109,"column":8},"end":{"line":109,"column":null}},"42":{"start":{"line":110,"column":8},"end":{"line":110,"column":null}},"43":{"start":{"line":111,"column":8},"end":{"line":111,"column":null}},"44":{"start":{"line":114,"column":6},"end":{"line":117,"column":null}},"45":{"start":{"line":115,"column":8},"end":{"line":115,"column":null}},"46":{"start":{"line":116,"column":8},"end":{"line":116,"column":null}},"47":{"start":{"line":117,"column":8},"end":{"line":117,"column":null}},"48":{"start":{"line":120,"column":6},"end":{"line":133,"column":null}},"49":{"start":{"line":122,"column":25},"end":{"line":122,"column":73}},"50":{"start":{"line":123,"column":8},"end":{"line":129,"column":null}},"51":{"start":{"line":124,"column":28},"end":{"line":124,"column":54}},"52":{"start":{"line":125,"column":10},"end":{"line":129,"column":null}},"53":{"start":{"line":126,"column":29},"end":{"line":126,"column":59}},"54":{"start":{"line":127,"column":12},"end":{"line":129,"column":null}},"55":{"start":{"line":128,"column":14},"end":{"line":128,"column":null}},"56":{"start":{"line":129,"column":14},"end":{"line":129,"column":null}},"57":{"start":{"line":133,"column":8},"end":{"line":133,"column":null}},"58":{"start":{"line":136,"column":6},"end":{"line":167,"column":null}},"59":{"start":{"line":137,"column":20},"end":{"line":137,"column":null}},"60":{"start":{"line":138,"column":20},"end":{"line":138,"column":55}},"61":{"start":{"line":138,"column":42},"end":{"line":138,"column":55}},"62":{"start":{"line":139,"column":24},"end":{"line":139,"column":64}},"63":{"start":{"line":142,"column":23},"end":{"line":142,"column":59}},"64":{"start":{"line":143,"column":8},"end":{"line":164,"column":null}},"65":{"start":{"line":144,"column":10},"end":{"line":144,"column":null}},"66":{"start":{"line":145,"column":10},"end":{"line":145,"column":null}},"67":{"start":{"line":148,"column":26},"end":{"line":148,"column":63}},"68":{"start":{"line":149,"column":27},"end":{"line":149,"column":56}},"69":{"start":{"line":150,"column":25},"end":{"line":150,"column":52}},"70":{"start":{"line":151,"column":10},"end":{"line":164,"column":null}},"71":{"start":{"line":152,"column":27},"end":{"line":152,"column":67}},"72":{"start":{"line":153,"column":26},"end":{"line":153,"column":83}},"73":{"start":{"line":154,"column":27},"end":{"line":154,"column":71}},"74":{"start":{"line":155,"column":12},"end":{"line":160,"column":null}},"75":{"start":{"line":156,"column":14},"end":{"line":156,"column":null}},"76":{"start":{"line":157,"column":14},"end":{"line":157,"column":null}},"77":{"start":{"line":159,"column":14},"end":{"line":159,"column":null}},"78":{"start":{"line":160,"column":14},"end":{"line":160,"column":null}},"79":{"start":{"line":164,"column":12},"end":{"line":164,"column":null}},"80":{"start":{"line":167,"column":8},"end":{"line":167,"column":null}},"81":{"start":{"line":170,"column":6},"end":{"line":170,"column":null}},"82":{"start":{"line":174,"column":2},"end":{"line":174,"column":null}}},"fnMap":{"0":{"name":"buildUninstallPlan","decl":{"start":{"line":25,"column":22},"end":{"line":25,"column":93}},"loc":{"start":{"line":25,"column":93},"end":{"line":86,"column":null}},"line":25},"1":{"name":"(anonymous_1)","decl":{"start":{"line":31,"column":28},"end":{"line":31,"column":33}},"loc":{"start":{"line":31,"column":38},"end":{"line":31,"column":51}},"line":31},"2":{"name":"findLatestBackup","decl":{"start":{"line":90,"column":15},"end":{"line":90,"column":32}},"loc":{"start":{"line":90,"column":86},"end":{"line":97,"column":null}},"line":90},"3":{"name":"runUninstall","decl":{"start":{"line":101,"column":22},"end":{"line":101,"column":35}},"loc":{"start":{"line":101,"column":85},"end":{"line":174,"column":null}},"line":101},"4":{"name":"(anonymous_4)","decl":{"start":{"line":138,"column":32},"end":{"line":138,"column":37}},"loc":{"start":{"line":138,"column":42},"end":{"line":138,"column":55}},"line":138}},"branchMap":{"0":{"loc":{"start":{"line":32,"column":4},"end":{"line":32,"column":null}},"type":"if","locations":[{"start":{"line":32,"column":4},"end":{"line":32,"column":null}},{"start":{},"end":{}}],"line":32},"1":{"loc":{"start":{"line":35,"column":4},"end":{"line":41,"column":null}},"type":"if","locations":[{"start":{"line":35,"column":4},"end":{"line":41,"column":null}},{"start":{},"end":{}}],"line":35},"2":{"loc":{"start":{"line":37,"column":41},"end":{"line":37,"column":68}},"type":"binary-expr","locations":[{"start":{"line":37,"column":41},"end":{"line":37,"column":64}},{"start":{"line":37,"column":64},"end":{"line":37,"column":68}}],"line":37},"3":{"loc":{"start":{"line":46,"column":4},"end":{"line":57,"column":null}},"type":"if","locations":[{"start":{"line":46,"column":4},"end":{"line":57,"column":null}},{"start":{},"end":{}}],"line":46},"4":{"loc":{"start":{"line":50,"column":8},"end":{"line":57,"column":null}},"type":"if","locations":[{"start":{"line":50,"column":8},"end":{"line":57,"column":null}},{"start":{},"end":{}}],"line":50},"5":{"loc":{"start":{"line":51,"column":10},"end":{"line":57,"column":null}},"type":"if","locations":[{"start":{"line":51,"column":10},"end":{"line":57,"column":null}},{"start":{},"end":{}}],"line":51},"6":{"loc":{"start":{"line":51,"column":14},"end":{"line":51,"column":60}},"type":"binary-expr","locations":[{"start":{"line":51,"column":14},"end":{"line":51,"column":34}},{"start":{"line":51,"column":38},"end":{"line":51,"column":60}}],"line":51},"7":{"loc":{"start":{"line":53,"column":37},"end":{"line":53,"column":64}},"type":"binary-expr","locations":[{"start":{"line":53,"column":37},"end":{"line":53,"column":60}},{"start":{"line":53,"column":60},"end":{"line":53,"column":64}}],"line":53},"8":{"loc":{"start":{"line":64,"column":4},"end":{"line":72,"column":null}},"type":"if","locations":[{"start":{"line":64,"column":4},"end":{"line":72,"column":null}},{"start":{},"end":{}}],"line":64},"9":{"loc":{"start":{"line":66,"column":6},"end":{"line":72,"column":null}},"type":"if","locations":[{"start":{"line":66,"column":6},"end":{"line":72,"column":null}},{"start":{},"end":{}}],"line":66},"10":{"loc":{"start":{"line":68,"column":37},"end":{"line":68,"column":64}},"type":"binary-expr","locations":[{"start":{"line":68,"column":37},"end":{"line":68,"column":60}},{"start":{"line":68,"column":60},"end":{"line":68,"column":64}}],"line":68},"11":{"loc":{"start":{"line":78,"column":2},"end":{"line":83,"column":null}},"type":"if","locations":[{"start":{"line":78,"column":2},"end":{"line":83,"column":null}},{"start":{},"end":{}}],"line":78},"12":{"loc":{"start":{"line":80,"column":35},"end":{"line":80,"column":62}},"type":"binary-expr","locations":[{"start":{"line":80,"column":35},"end":{"line":80,"column":58}},{"start":{"line":80,"column":58},"end":{"line":80,"column":62}}],"line":80},"13":{"loc":{"start":{"line":91,"column":2},"end":{"line":91,"column":null}},"type":"if","locations":[{"start":{"line":91,"column":2},"end":{"line":91,"column":null}},{"start":{},"end":{}}],"line":91},"14":{"loc":{"start":{"line":95,"column":4},"end":{"line":95,"column":null}},"type":"if","locations":[{"start":{"line":95,"column":4},"end":{"line":95,"column":null}},{"start":{},"end":{}}],"line":95},"15":{"loc":{"start":{"line":108,"column":6},"end":{"line":111,"column":null}},"type":"if","locations":[{"start":{"line":108,"column":6},"end":{"line":111,"column":null}},{"start":{},"end":{}}],"line":108},"16":{"loc":{"start":{"line":114,"column":6},"end":{"line":117,"column":null}},"type":"if","locations":[{"start":{"line":114,"column":6},"end":{"line":117,"column":null}},{"start":{},"end":{}}],"line":114},"17":{"loc":{"start":{"line":120,"column":6},"end":{"line":133,"column":null}},"type":"if","locations":[{"start":{"line":120,"column":6},"end":{"line":133,"column":null}},{"start":{},"end":{}}],"line":120},"18":{"loc":{"start":{"line":123,"column":8},"end":{"line":129,"column":null}},"type":"if","locations":[{"start":{"line":123,"column":8},"end":{"line":129,"column":null}},{"start":{},"end":{}}],"line":123},"19":{"loc":{"start":{"line":127,"column":12},"end":{"line":129,"column":null}},"type":"if","locations":[{"start":{"line":127,"column":12},"end":{"line":129,"column":null}},{"start":{},"end":{}}],"line":127},"20":{"loc":{"start":{"line":129,"column":48},"end":{"line":129,"column":75}},"type":"binary-expr","locations":[{"start":{"line":129,"column":48},"end":{"line":129,"column":71}},{"start":{"line":129,"column":71},"end":{"line":129,"column":75}}],"line":129},"21":{"loc":{"start":{"line":136,"column":6},"end":{"line":167,"column":null}},"type":"if","locations":[{"start":{"line":136,"column":6},"end":{"line":167,"column":null}},{"start":{},"end":{}}],"line":136},"22":{"loc":{"start":{"line":143,"column":8},"end":{"line":164,"column":null}},"type":"if","locations":[{"start":{"line":143,"column":8},"end":{"line":164,"column":null}},{"start":{"line":146,"column":15},"end":{"line":164,"column":null}}],"line":143},"23":{"loc":{"start":{"line":151,"column":10},"end":{"line":164,"column":null}},"type":"if","locations":[{"start":{"line":151,"column":10},"end":{"line":164,"column":null}},{"start":{"line":162,"column":17},"end":{"line":164,"column":null}}],"line":151},"24":{"loc":{"start":{"line":151,"column":14},"end":{"line":151,"column":48}},"type":"binary-expr","locations":[{"start":{"line":151,"column":14},"end":{"line":151,"column":33}},{"start":{"line":151,"column":33},"end":{"line":151,"column":48}}],"line":151},"25":{"loc":{"start":{"line":155,"column":12},"end":{"line":160,"column":null}},"type":"if","locations":[{"start":{"line":155,"column":12},"end":{"line":160,"column":null}},{"start":{"line":158,"column":19},"end":{"line":160,"column":null}}],"line":155}},"s":{"0":1,"1":1,"2":16,"3":16,"4":16,"5":16,"6":15,"7":18,"8":15,"9":0,"10":15,"11":5,"12":15,"13":15,"14":7,"15":7,"16":9,"17":9,"18":8,"19":5,"20":15,"21":12,"22":12,"23":3,"24":16,"25":15,"26":16,"27":22,"28":14,"29":8,"30":8,"31":8,"32":8,"33":7,"34":1,"35":28,"36":28,"37":28,"38":28,"39":30,"40":30,"41":3,"42":3,"43":3,"44":27,"45":2,"46":2,"47":2,"48":25,"49":3,"50":3,"51":2,"52":2,"53":2,"54":2,"55":2,"56":2,"57":3,"58":22,"59":22,"60":22,"61":22,"62":22,"63":22,"64":22,"65":7,"66":7,"67":15,"68":12,"69":12,"70":12,"71":8,"72":8,"73":8,"74":8,"75":6,"76":6,"77":2,"78":2,"79":4,"80":19,"81":3,"82":28},"f":{"0":16,"1":18,"2":22,"3":28,"4":22},"b":{"0":[0,15],"1":[5,10],"2":[5,0],"3":[7,8],"4":[8,1],"5":[5,3],"6":[8,6],"7":[5,0],"8":[12,3],"9":[3,9],"10":[3,0],"11":[15,1],"12":[15,0],"13":[14,8],"14":[7,1],"15":[3,27],"16":[2,25],"17":[3,22],"18":[2,1],"19":[2,0],"20":[2,0],"21":[22,0],"22":[7,15],"23":[8,4],"24":[12,9],"25":[6,2]},"meta":{"lastBranch":26,"lastFunction":5,"lastStatement":83,"seen":{"s:8:18:8:62":0,"s:9:20:9:53":1,"f:25:22:25:93":0,"s:26:19:26:39":2,"s:27:22:27:Infinity":3,"s:28:33:28:35":4,"s:30:2:72:Infinity":5,"s:31:16:31:51":6,"f:31:28:31:33":1,"s:31:38:31:51":7,"b:32:4:32:Infinity:undefined:undefined:undefined:undefined":0,"s:32:4:32:Infinity":8,"s:32:14:32:Infinity":9,"b:35:4:41:Infinity:undefined:undefined:undefined:undefined":1,"s:35:4:41:Infinity":10,"s:36:6:41:Infinity":11,"b:37:41:37:64:37:64:37:68":2,"s:45:22:45:60":12,"b:46:4:57:Infinity:undefined:undefined:undefined:undefined":3,"s:46:4:57:Infinity":13,"s:47:20:47:68":14,"s:48:6:57:Infinity":15,"s:49:21:49:52":16,"b:50:8:57:Infinity:undefined:undefined:undefined:undefined":4,"s:50:8:57:Infinity":17,"b:51:10:57:Infinity:undefined:undefined:undefined:undefined":5,"s:51:10:57:Infinity":18,"b:51:14:51:34:51:38:51:60":6,"s:52:12:57:Infinity":19,"b:53:37:53:60:53:60:53:64":7,"b:64:4:72:Infinity:undefined:undefined:undefined:undefined":8,"s:64:4:72:Infinity":20,"s:65:23:65:57":21,"b:66:6:72:Infinity:undefined:undefined:undefined:undefined":9,"s:66:6:72:Infinity":22,"s:67:8:72:Infinity":23,"b:68:37:68:60:68:60:68:64":10,"b:78:2:83:Infinity:undefined:undefined:undefined:undefined":11,"s:78:2:83:Infinity":24,"s:79:4:83:Infinity":25,"b:80:35:80:58:80:58:80:62":12,"s:86:2:86:Infinity":26,"f:90:15:90:32":2,"b:91:2:91:Infinity:undefined:undefined:undefined:undefined":13,"s:91:2:91:Infinity":27,"s:91:40:91:Infinity":28,"s:92:8:92:62":29,"s:93:2:95:Infinity":30,"s:94:22:94:62":31,"b:95:4:95:Infinity:undefined:undefined:undefined:undefined":14,"s:95:4:95:Infinity":32,"s:95:40:95:Infinity":33,"s:97:2:97:Infinity":34,"f:101:22:101:35":3,"s:102:28:102:30":35,"s:103:29:103:31":36,"s:104:27:104:29":37,"s:106:2:170:Infinity":38,"s:107:4:170:Infinity":39,"b:108:6:111:Infinity:undefined:undefined:undefined:undefined":15,"s:108:6:111:Infinity":40,"s:109:8:109:Infinity":41,"s:110:8:110:Infinity":42,"s:111:8:111:Infinity":43,"b:114:6:117:Infinity:undefined:undefined:undefined:undefined":16,"s:114:6:117:Infinity":44,"s:115:8:115:Infinity":45,"s:116:8:116:Infinity":46,"s:117:8:117:Infinity":47,"b:120:6:133:Infinity:undefined:undefined:undefined:undefined":17,"s:120:6:133:Infinity":48,"s:122:25:122:73":49,"b:123:8:129:Infinity:undefined:undefined:undefined:undefined":18,"s:123:8:129:Infinity":50,"s:124:28:124:54":51,"s:125:10:129:Infinity":52,"s:126:29:126:59":53,"b:127:12:129:Infinity:undefined:undefined:undefined:undefined":19,"s:127:12:129:Infinity":54,"s:128:14:128:Infinity":55,"s:129:14:129:Infinity":56,"b:129:48:129:71:129:71:129:75":20,"s:133:8:133:Infinity":57,"b:136:6:167:Infinity:undefined:undefined:undefined:undefined":21,"s:136:6:167:Infinity":58,"s:137:20:137:Infinity":59,"s:138:20:138:55":60,"f:138:32:138:37":4,"s:138:42:138:55":61,"s:139:24:139:64":62,"s:142:23:142:59":63,"b:143:8:164:Infinity:146:15:164:Infinity":22,"s:143:8:164:Infinity":64,"s:144:10:144:Infinity":65,"s:145:10:145:Infinity":66,"s:148:26:148:63":67,"s:149:27:149:56":68,"s:150:25:150:52":69,"b:151:10:164:Infinity:162:17:164:Infinity":23,"s:151:10:164:Infinity":70,"b:151:14:151:33:151:33:151:48":24,"s:152:27:152:67":71,"s:153:26:153:83":72,"s:154:27:154:71":73,"b:155:12:160:Infinity:158:19:160:Infinity":25,"s:155:12:160:Infinity":74,"s:156:14:156:Infinity":75,"s:157:14:157:Infinity":76,"s:159:14:159:Infinity":77,"s:160:14:160:Infinity":78,"s:164:12:164:Infinity":79,"s:167:8:167:Infinity":80,"s:170:6:170:Infinity":81,"s:174:2:174:Infinity":82}}}
,"/home/javier/programacion/platform/javi-ai/src/commands/update.ts": {"path":"/home/javier/programacion/platform/javi-ai/src/commands/update.ts","statementMap":{"0":{"start":{"line":18,"column":19},"end":{"line":18,"column":39}},"1":{"start":{"line":19,"column":22},"end":{"line":19,"column":null}},"2":{"start":{"line":21,"column":2},"end":{"line":22,"column":null}},"3":{"start":{"line":22,"column":4},"end":{"line":22,"column":null}},"4":{"start":{"line":25,"column":31},"end":{"line":25,"column":33}},"5":{"start":{"line":26,"column":8},"end":{"line":33,"column":null}},"6":{"start":{"line":27,"column":16},"end":{"line":27,"column":54}},"7":{"start":{"line":27,"column":37},"end":{"line":27,"column":54}},"8":{"start":{"line":28,"column":4},"end":{"line":31,"column":null}},"9":{"start":{"line":29,"column":6},"end":{"line":29,"column":null}},"10":{"start":{"line":31,"column":6},"end":{"line":31,"column":null}},"11":{"start":{"line":33,"column":4},"end":{"line":33,"column":null}},"12":{"start":{"line":36,"column":2},"end":{"line":44,"column":null}},"13":{"start":{"line":46,"column":2},"end":{"line":46,"column":null}}},"fnMap":{"0":{"name":"runUpdate","decl":{"start":{"line":14,"column":22},"end":{"line":14,"column":null}},"loc":{"start":{"line":17,"column":25},"end":{"line":46,"column":null}},"line":17},"1":{"name":"(anonymous_1)","decl":{"start":{"line":26,"column":8},"end":{"line":26,"column":21}},"loc":{"start":{"line":26,"column":43},"end":{"line":33,"column":null}},"line":26},"2":{"name":"(anonymous_2)","decl":{"start":{"line":27,"column":22},"end":{"line":27,"column":32}},"loc":{"start":{"line":27,"column":37},"end":{"line":27,"column":54}},"line":27}},"branchMap":{"0":{"loc":{"start":{"line":21,"column":2},"end":{"line":22,"column":null}},"type":"if","locations":[{"start":{"line":21,"column":2},"end":{"line":22,"column":null}},{"start":{},"end":{}}],"line":21},"1":{"loc":{"start":{"line":28,"column":4},"end":{"line":31,"column":null}},"type":"if","locations":[{"start":{"line":28,"column":4},"end":{"line":31,"column":null}},{"start":{"line":30,"column":11},"end":{"line":31,"column":null}}],"line":28},"2":{"loc":{"start":{"line":40,"column":14},"end":{"line":40,"column":null}},"type":"binary-expr","locations":[{"start":{"line":40,"column":14},"end":{"line":40,"column":32}},{"start":{"line":40,"column":32},"end":{"line":40,"column":null}}],"line":40}},"s":{"0":9,"1":9,"2":9,"3":1,"4":8,"5":8,"6":9,"7":4,"8":9,"9":2,"10":7,"11":9,"12":8,"13":8},"f":{"0":9,"1":9,"2":4},"b":{"0":[1,8],"1":[2,7],"2":[8,6]},"meta":{"lastBranch":3,"lastFunction":3,"lastStatement":14,"seen":{"f:14:22:14:Infinity":0,"s:18:19:18:39":0,"s:19:22:19:Infinity":1,"b:21:2:22:Infinity:undefined:undefined:undefined:undefined":0,"s:21:2:22:Infinity":2,"s:22:4:22:Infinity":3,"s:25:31:25:33":4,"s:26:8:33:Infinity":5,"f:26:8:26:21":1,"s:27:16:27:54":6,"f:27:22:27:32":2,"s:27:37:27:54":7,"b:28:4:31:Infinity:30:11:31:Infinity":1,"s:28:4:31:Infinity":8,"s:29:6:29:Infinity":9,"s:31:6:31:Infinity":10,"s:33:4:33:Infinity":11,"s:36:2:44:Infinity":12,"b:40:14:40:32:40:32:40:Infinity":2,"s:46:2:46:Infinity":13}}}
,"/home/javier/programacion/platform/javi-ai/src/installer/index.ts": {"path":"/home/javier/programacion/platform/javi-ai/src/installer/index.ts","statementMap":{"0":{"start":{"line":11,"column":18},"end":{"line":11,"column":62}},"1":{"start":{"line":12,"column":20},"end":{"line":12,"column":53}},"2":{"start":{"line":18,"column":20},"end":{"line":18,"column":66}},"3":{"start":{"line":19,"column":20},"end":{"line":19,"column":52}},"4":{"start":{"line":21,"column":2},"end":{"line":65,"column":null}},"5":{"start":{"line":22,"column":22},"end":{"line":22,"column":57}},"6":{"start":{"line":22,"column":44},"end":{"line":22,"column":57}},"7":{"start":{"line":23,"column":4},"end":{"line":23,"column":null}},"8":{"start":{"line":23,"column":20},"end":{"line":23,"column":null}},"9":{"start":{"line":26,"column":4},"end":{"line":32,"column":null}},"10":{"start":{"line":27,"column":6},"end":{"line":27,"column":null}},"11":{"start":{"line":28,"column":6},"end":{"line":32,"column":null}},"12":{"start":{"line":29,"column":26},"end":{"line":29,"column":72}},"13":{"start":{"line":30,"column":8},"end":{"line":30,"column":null}},"14":{"start":{"line":32,"column":8},"end":{"line":32,"column":null}},"15":{"start":{"line":37,"column":4},"end":{"line":43,"column":null}},"16":{"start":{"line":38,"column":6},"end":{"line":38,"column":null}},"17":{"start":{"line":39,"column":6},"end":{"line":43,"column":null}},"18":{"start":{"line":40,"column":8},"end":{"line":40,"column":null}},"19":{"start":{"line":41,"column":8},"end":{"line":41,"column":null}},"20":{"start":{"line":43,"column":8},"end":{"line":43,"column":null}},"21":{"start":{"line":48,"column":4},"end":{"line":54,"column":null}},"22":{"start":{"line":49,"column":6},"end":{"line":49,"column":null}},"23":{"start":{"line":50,"column":6},"end":{"line":54,"column":null}},"24":{"start":{"line":51,"column":8},"end":{"line":51,"column":null}},"25":{"start":{"line":52,"column":8},"end":{"line":52,"column":null}},"26":{"start":{"line":54,"column":8},"end":{"line":54,"column":null}},"27":{"start":{"line":59,"column":4},"end":{"line":65,"column":null}},"28":{"start":{"line":60,"column":6},"end":{"line":60,"column":null}},"29":{"start":{"line":61,"column":6},"end":{"line":65,"column":null}},"30":{"start":{"line":62,"column":8},"end":{"line":62,"column":null}},"31":{"start":{"line":63,"column":8},"end":{"line":63,"column":null}},"32":{"start":{"line":65,"column":8},"end":{"line":65,"column":null}},"33":{"start":{"line":71,"column":2},"end":{"line":75,"column":null}},"34":{"start":{"line":72,"column":21},"end":{"line":72,"column":41}},"35":{"start":{"line":73,"column":4},"end":{"line":73,"column":null}},"36":{"start":{"line":74,"column":4},"end":{"line":74,"column":null}},"37":{"start":{"line":75,"column":4},"end":{"line":75,"column":null}},"38":{"start":{"line":80,"column":20},"end":{"line":80,"column":58}},"39":{"start":{"line":81,"column":2},"end":{"line":81,"column":null}},"40":{"start":{"line":81,"column":39},"end":{"line":81,"column":null}},"41":{"start":{"line":83,"column":2},"end":{"line":85,"column":null}},"42":{"start":{"line":84,"column":4},"end":{"line":84,"column":null}},"43":{"start":{"line":85,"column":4},"end":{"line":85,"column":null}},"44":{"start":{"line":88,"column":16},"end":{"line":88,"column":64}},"45":{"start":{"line":89,"column":2},"end":{"line":108,"column":null}},"46":{"start":{"line":90,"column":16},"end":{"line":90,"column":42}},"47":{"start":{"line":91,"column":17},"end":{"line":91,"column":35}},"48":{"start":{"line":92,"column":4},"end":{"line":92,"column":null}},"49":{"start":{"line":92,"column":28},"end":{"line":92,"column":null}},"50":{"start":{"line":94,"column":17},"end":{"line":94,"column":44}},"51":{"start":{"line":95,"column":19},"end":{"line":95,"column":50}},"52":{"start":{"line":97,"column":4},"end":{"line":97,"column":null}},"53":{"start":{"line":97,"column":16},"end":{"line":97,"column":null}},"54":{"start":{"line":99,"column":4},"end":{"line":99,"column":null}},"55":{"start":{"line":101,"column":4},"end":{"line":108,"column":null}},"56":{"start":{"line":102,"column":6},"end":{"line":102,"column":null}},"57":{"start":{"line":103,"column":15},"end":{"line":108,"column":null}},"58":{"start":{"line":104,"column":6},"end":{"line":104,"column":null}},"59":{"start":{"line":107,"column":6},"end":{"line":108,"column":null}},"60":{"start":{"line":108,"column":8},"end":{"line":108,"column":null}},"61":{"start":{"line":115,"column":19},"end":{"line":115,"column":67}},"62":{"start":{"line":116,"column":20},"end":{"line":116,"column":50}},"63":{"start":{"line":117,"column":2},"end":{"line":117,"column":null}},"64":{"start":{"line":117,"column":38},"end":{"line":117,"column":null}},"65":{"start":{"line":118,"column":2},"end":{"line":118,"column":null}},"66":{"start":{"line":118,"column":14},"end":{"line":118,"column":null}},"67":{"start":{"line":119,"column":2},"end":{"line":119,"column":null}},"68":{"start":{"line":120,"column":16},"end":{"line":120,"column":42}},"69":{"start":{"line":121,"column":2},"end":{"line":125,"column":null}},"70":{"start":{"line":122,"column":17},"end":{"line":122,"column":43}},"71":{"start":{"line":123,"column":4},"end":{"line":125,"column":null}},"72":{"start":{"line":124,"column":6},"end":{"line":124,"column":null}},"73":{"start":{"line":125,"column":6},"end":{"line":125,"column":null}},"74":{"start":{"line":131,"column":18},"end":{"line":131,"column":71}},"75":{"start":{"line":132,"column":2},"end":{"line":132,"column":null}},"76":{"start":{"line":132,"column":37},"end":{"line":132,"column":null}},"77":{"start":{"line":133,"column":2},"end":{"line":133,"column":null}},"78":{"start":{"line":133,"column":14},"end":{"line":133,"column":null}},"79":{"start":{"line":134,"column":21},"end":{"line":136,"column":42}},"80":{"start":{"line":137,"column":2},"end":{"line":137,"column":null}},"81":{"start":{"line":138,"column":2},"end":{"line":138,"column":null}}},"fnMap":{"0":{"name":"runInstall","decl":{"start":{"line":14,"column":22},"end":{"line":14,"column":null}},"loc":{"start":{"line":17,"column":17},"end":{"line":75,"column":null}},"line":17},"1":{"name":"(anonymous_1)","decl":{"start":{"line":22,"column":34},"end":{"line":22,"column":39}},"loc":{"start":{"line":22,"column":44},"end":{"line":22,"column":57}},"line":22},"2":{"name":"installConfig","decl":{"start":{"line":79,"column":15},"end":{"line":79,"column":29}},"loc":{"start":{"line":79,"column":110},"end":{"line":108,"column":null}},"line":79},"3":{"name":"installHooks","decl":{"start":{"line":114,"column":15},"end":{"line":114,"column":28}},"loc":{"start":{"line":114,"column":80},"end":{"line":125,"column":null}},"line":114},"4":{"name":"installOrchestrators","decl":{"start":{"line":130,"column":15},"end":{"line":130,"column":36}},"loc":{"start":{"line":130,"column":98},"end":{"line":138,"column":null}},"line":130}},"branchMap":{"0":{"loc":{"start":{"line":23,"column":4},"end":{"line":23,"column":null}},"type":"if","locations":[{"start":{"line":23,"column":4},"end":{"line":23,"column":null}},{"start":{},"end":{}}],"line":23},"1":{"loc":{"start":{"line":26,"column":4},"end":{"line":32,"column":null}},"type":"if","locations":[{"start":{"line":26,"column":4},"end":{"line":32,"column":null}},{"start":{},"end":{}}],"line":26},"2":{"loc":{"start":{"line":37,"column":4},"end":{"line":43,"column":null}},"type":"if","locations":[{"start":{"line":37,"column":4},"end":{"line":43,"column":null}},{"start":{},"end":{}}],"line":37},"3":{"loc":{"start":{"line":48,"column":4},"end":{"line":54,"column":null}},"type":"if","locations":[{"start":{"line":48,"column":4},"end":{"line":54,"column":null}},{"start":{},"end":{}}],"line":48},"4":{"loc":{"start":{"line":48,"column":8},"end":{"line":48,"column":64}},"type":"binary-expr","locations":[{"start":{"line":48,"column":8},"end":{"line":48,"column":42}},{"start":{"line":48,"column":46},"end":{"line":48,"column":64}}],"line":48},"5":{"loc":{"start":{"line":59,"column":4},"end":{"line":65,"column":null}},"type":"if","locations":[{"start":{"line":59,"column":4},"end":{"line":65,"column":null}},{"start":{},"end":{}}],"line":59},"6":{"loc":{"start":{"line":71,"column":2},"end":{"line":75,"column":null}},"type":"if","locations":[{"start":{"line":71,"column":2},"end":{"line":75,"column":null}},{"start":{},"end":{}}],"line":71},"7":{"loc":{"start":{"line":81,"column":2},"end":{"line":81,"column":null}},"type":"if","locations":[{"start":{"line":81,"column":2},"end":{"line":81,"column":null}},{"start":{},"end":{}}],"line":81},"8":{"loc":{"start":{"line":83,"column":2},"end":{"line":85,"column":null}},"type":"if","locations":[{"start":{"line":83,"column":2},"end":{"line":85,"column":null}},{"start":{},"end":{}}],"line":83},"9":{"loc":{"start":{"line":92,"column":4},"end":{"line":92,"column":null}},"type":"if","locations":[{"start":{"line":92,"column":4},"end":{"line":92,"column":null}},{"start":{},"end":{}}],"line":92},"10":{"loc":{"start":{"line":97,"column":4},"end":{"line":97,"column":null}},"type":"if","locations":[{"start":{"line":97,"column":4},"end":{"line":97,"column":null}},{"start":{},"end":{}}],"line":97},"11":{"loc":{"start":{"line":101,"column":4},"end":{"line":108,"column":null}},"type":"if","locations":[{"start":{"line":101,"column":4},"end":{"line":108,"column":null}},{"start":{"line":103,"column":15},"end":{"line":108,"column":null}}],"line":101},"12":{"loc":{"start":{"line":102,"column":37},"end":{"line":102,"column":84}},"type":"cond-expr","locations":[{"start":{"line":102,"column":65},"end":{"line":102,"column":74}},{"start":{"line":102,"column":74},"end":{"line":102,"column":84}}],"line":102},"13":{"loc":{"start":{"line":103,"column":15},"end":{"line":108,"column":null}},"type":"if","locations":[{"start":{"line":103,"column":15},"end":{"line":108,"column":null}},{"start":{"line":105,"column":11},"end":{"line":108,"column":null}}],"line":103},"14":{"loc":{"start":{"line":103,"column":15},"end":{"line":103,"column":61}},"type":"binary-expr","locations":[{"start":{"line":103,"column":15},"end":{"line":103,"column":35}},{"start":{"line":103,"column":39},"end":{"line":103,"column":61}}],"line":103},"15":{"loc":{"start":{"line":104,"column":41},"end":{"line":104,"column":88}},"type":"cond-expr","locations":[{"start":{"line":104,"column":69},"end":{"line":104,"column":78}},{"start":{"line":104,"column":78},"end":{"line":104,"column":88}}],"line":104},"16":{"loc":{"start":{"line":107,"column":6},"end":{"line":108,"column":null}},"type":"if","locations":[{"start":{"line":107,"column":6},"end":{"line":108,"column":null}},{"start":{},"end":{}}],"line":107},"17":{"loc":{"start":{"line":117,"column":2},"end":{"line":117,"column":null}},"type":"if","locations":[{"start":{"line":117,"column":2},"end":{"line":117,"column":null}},{"start":{},"end":{}}],"line":117},"18":{"loc":{"start":{"line":118,"column":2},"end":{"line":118,"column":null}},"type":"if","locations":[{"start":{"line":118,"column":2},"end":{"line":118,"column":null}},{"start":{},"end":{}}],"line":118},"19":{"loc":{"start":{"line":123,"column":4},"end":{"line":125,"column":null}},"type":"if","locations":[{"start":{"line":123,"column":4},"end":{"line":125,"column":null}},{"start":{},"end":{}}],"line":123},"20":{"loc":{"start":{"line":132,"column":2},"end":{"line":132,"column":null}},"type":"if","locations":[{"start":{"line":132,"column":2},"end":{"line":132,"column":null}},{"start":{},"end":{}}],"line":132},"21":{"loc":{"start":{"line":133,"column":2},"end":{"line":133,"column":null}},"type":"if","locations":[{"start":{"line":133,"column":2},"end":{"line":133,"column":null}},{"start":{},"end":{}}],"line":133},"22":{"loc":{"start":{"line":134,"column":21},"end":{"line":136,"column":42}},"type":"cond-expr","locations":[{"start":{"line":135,"column":6},"end":{"line":135,"column":37}},{"start":{"line":136,"column":6},"end":{"line":136,"column":42}}],"line":134}},"s":{"0":1,"1":1,"2":53,"3":53,"4":53,"5":55,"6":65,"7":55,"8":1,"9":54,"10":15,"11":15,"12":15,"13":11,"14":4,"15":54,"16":18,"17":18,"18":18,"19":16,"20":2,"21":54,"22":10,"23":10,"24":10,"25":9,"26":1,"27":54,"28":10,"29":10,"30":10,"31":9,"32":1,"33":53,"34":49,"35":49,"36":49,"37":49,"38":18,"39":18,"40":6,"41":12,"42":11,"43":11,"44":12,"45":10,"46":10,"47":10,"48":10,"49":0,"50":10,"51":10,"52":10,"53":1,"54":9,"55":9,"56":4,"57":5,"58":2,"59":3,"60":2,"61":10,"62":10,"63":10,"64":1,"65":9,"66":1,"67":8,"68":7,"69":7,"70":4,"71":4,"72":3,"73":3,"74":10,"75":10,"76":1,"77":9,"78":1,"79":8,"80":10,"81":8},"f":{"0":53,"1":65,"2":18,"3":10,"4":10},"b":{"0":[1,54],"1":[15,39],"2":[18,36],"3":[10,44],"4":[54,13],"5":[10,44],"6":[49,4],"7":[6,12],"8":[11,1],"9":[0,10],"10":[1,9],"11":[4,5],"12":[3,1],"13":[2,3],"14":[5,3],"15":[1,1],"16":[2,1],"17":[1,9],"18":[1,8],"19":[3,1],"20":[1,9],"21":[1,8],"22":[1,7]},"meta":{"lastBranch":23,"lastFunction":5,"lastStatement":82,"seen":{"s:11:18:11:62":0,"s:12:20:12:53":1,"f:14:22:14:Infinity":0,"s:18:20:18:66":2,"s:19:20:19:52":3,"s:21:2:65:Infinity":4,"s:22:22:22:57":5,"f:22:34:22:39":1,"s:22:44:22:57":6,"b:23:4:23:Infinity:undefined:undefined:undefined:undefined":0,"s:23:4:23:Infinity":7,"s:23:20:23:Infinity":8,"b:26:4:32:Infinity:undefined:undefined:undefined:undefined":1,"s:26:4:32:Infinity":9,"s:27:6:27:Infinity":10,"s:28:6:32:Infinity":11,"s:29:26:29:72":12,"s:30:8:30:Infinity":13,"s:32:8:32:Infinity":14,"b:37:4:43:Infinity:undefined:undefined:undefined:undefined":2,"s:37:4:43:Infinity":15,"s:38:6:38:Infinity":16,"s:39:6:43:Infinity":17,"s:40:8:40:Infinity":18,"s:41:8:41:Infinity":19,"s:43:8:43:Infinity":20,"b:48:4:54:Infinity:undefined:undefined:undefined:undefined":3,"s:48:4:54:Infinity":21,"b:48:8:48:42:48:46:48:64":4,"s:49:6:49:Infinity":22,"s:50:6:54:Infinity":23,"s:51:8:51:Infinity":24,"s:52:8:52:Infinity":25,"s:54:8:54:Infinity":26,"b:59:4:65:Infinity:undefined:undefined:undefined:undefined":5,"s:59:4:65:Infinity":27,"s:60:6:60:Infinity":28,"s:61:6:65:Infinity":29,"s:62:8:62:Infinity":30,"s:63:8:63:Infinity":31,"s:65:8:65:Infinity":32,"b:71:2:75:Infinity:undefined:undefined:undefined:undefined":6,"s:71:2:75:Infinity":33,"s:72:21:72:41":34,"s:73:4:73:Infinity":35,"s:74:4:74:Infinity":36,"s:75:4:75:Infinity":37,"f:79:15:79:29":2,"s:80:20:80:58":38,"b:81:2:81:Infinity:undefined:undefined:undefined:undefined":7,"s:81:2:81:Infinity":39,"s:81:39:81:Infinity":40,"b:83:2:85:Infinity:undefined:undefined:undefined:undefined":8,"s:83:2:85:Infinity":41,"s:84:4:84:Infinity":42,"s:85:4:85:Infinity":43,"s:88:16:88:64":44,"s:89:2:108:Infinity":45,"s:90:16:90:42":46,"s:91:17:91:35":47,"b:92:4:92:Infinity:undefined:undefined:undefined:undefined":9,"s:92:4:92:Infinity":48,"s:92:28:92:Infinity":49,"s:94:17:94:44":50,"s:95:19:95:50":51,"b:97:4:97:Infinity:undefined:undefined:undefined:undefined":10,"s:97:4:97:Infinity":52,"s:97:16:97:Infinity":53,"s:99:4:99:Infinity":54,"b:101:4:108:Infinity:103:15:108:Infinity":11,"s:101:4:108:Infinity":55,"s:102:6:102:Infinity":56,"b:102:65:102:74:102:74:102:84":12,"b:103:15:108:Infinity:105:11:108:Infinity":13,"s:103:15:108:Infinity":57,"b:103:15:103:35:103:39:103:61":14,"s:104:6:104:Infinity":58,"b:104:69:104:78:104:78:104:88":15,"b:107:6:108:Infinity:undefined:undefined:undefined:undefined":16,"s:107:6:108:Infinity":59,"s:108:8:108:Infinity":60,"f:114:15:114:28":3,"s:115:19:115:67":61,"s:116:20:116:50":62,"b:117:2:117:Infinity:undefined:undefined:undefined:undefined":17,"s:117:2:117:Infinity":63,"s:117:38:117:Infinity":64,"b:118:2:118:Infinity:undefined:undefined:undefined:undefined":18,"s:118:2:118:Infinity":65,"s:118:14:118:Infinity":66,"s:119:2:119:Infinity":67,"s:120:16:120:42":68,"s:121:2:125:Infinity":69,"s:122:17:122:43":70,"b:123:4:125:Infinity:undefined:undefined:undefined:undefined":19,"s:123:4:125:Infinity":71,"s:124:6:124:Infinity":72,"s:125:6:125:Infinity":73,"f:130:15:130:36":4,"s:131:18:131:71":74,"b:132:2:132:Infinity:undefined:undefined:undefined:undefined":20,"s:132:2:132:Infinity":75,"s:132:37:132:Infinity":76,"b:133:2:133:Infinity:undefined:undefined:undefined:undefined":21,"s:133:2:133:Infinity":77,"s:133:14:133:Infinity":78,"s:134:21:136:42":79,"b:135:6:135:37:136:6:136:42":22,"s:137:2:137:Infinity":80,"s:138:2:138:Infinity":81}}}
,"/home/javier/programacion/platform/javi-ai/src/installer/manifest.ts": {"path":"/home/javier/programacion/platform/javi-ai/src/installer/manifest.ts","statementMap":{"0":{"start":{"line":6,"column":35},"end":{"line":12,"column":null}},"1":{"start":{"line":15,"column":2},"end":{"line":19,"column":null}},"2":{"start":{"line":16,"column":16},"end":{"line":16,"column":57}},"3":{"start":{"line":17,"column":4},"end":{"line":17,"column":null}},"4":{"start":{"line":19,"column":4},"end":{"line":19,"column":null}},"5":{"start":{"line":24,"column":2},"end":{"line":24,"column":null}},"6":{"start":{"line":25,"column":2},"end":{"line":25,"column":null}}},"fnMap":{"0":{"name":"readManifest","decl":{"start":{"line":14,"column":22},"end":{"line":14,"column":56}},"loc":{"start":{"line":14,"column":56},"end":{"line":19,"column":null}},"line":14},"1":{"name":"writeManifest","decl":{"start":{"line":23,"column":22},"end":{"line":23,"column":36}},"loc":{"start":{"line":23,"column":71},"end":{"line":25,"column":null}},"line":23}},"branchMap":{},"s":{"0":1,"1":11,"2":11,"3":3,"4":10,"5":3,"6":3},"f":{"0":11,"1":3},"b":{},"meta":{"lastBranch":0,"lastFunction":2,"lastStatement":7,"seen":{"s:6:35:12:Infinity":0,"f:14:22:14:56":0,"s:15:2:19:Infinity":1,"s:16:16:16:57":2,"s:17:4:17:Infinity":3,"s:19:4:19:Infinity":4,"f:23:22:23:36":1,"s:24:2:24:Infinity":5,"s:25:2:25:Infinity":6}}}
,"/home/javier/programacion/platform/javi-ai/src/installer/skills.ts": {"path":"/home/javier/programacion/platform/javi-ai/src/installer/skills.ts","statementMap":{"0":{"start":{"line":7,"column":18},"end":{"line":7,"column":62}},"1":{"start":{"line":8,"column":20},"end":{"line":8,"column":53}},"2":{"start":{"line":13,"column":20},"end":{"line":13,"column":55}},"3":{"start":{"line":13,"column":42},"end":{"line":13,"column":55}},"4":{"start":{"line":14,"column":2},"end":{"line":14,"column":null}},"5":{"start":{"line":14,"column":18},"end":{"line":14,"column":null}},"6":{"start":{"line":16,"column":30},"end":{"line":16,"column":32}},"7":{"start":{"line":17,"column":23},"end":{"line":17,"column":67}},"8":{"start":{"line":18,"column":26},"end":{"line":18,"column":65}},"9":{"start":{"line":19,"column":15},"end":{"line":19,"column":null}},"10":{"start":{"line":21,"column":2},"end":{"line":22,"column":null}},"11":{"start":{"line":22,"column":4},"end":{"line":22,"column":null}},"12":{"start":{"line":26,"column":20},"end":{"line":26,"column":50}},"13":{"start":{"line":27,"column":2},"end":{"line":49,"column":null}},"14":{"start":{"line":28,"column":4},"end":{"line":28,"column":null}},"15":{"start":{"line":28,"column":60},"end":{"line":28,"column":null}},"16":{"start":{"line":29,"column":22},"end":{"line":29,"column":55}},"17":{"start":{"line":30,"column":17},"end":{"line":30,"column":41}},"18":{"start":{"line":31,"column":4},"end":{"line":31,"column":null}},"19":{"start":{"line":31,"column":29},"end":{"line":31,"column":null}},"20":{"start":{"line":33,"column":20},"end":{"line":33,"column":52}},"21":{"start":{"line":34,"column":24},"end":{"line":34,"column":60}},"22":{"start":{"line":36,"column":4},"end":{"line":36,"column":null}},"23":{"start":{"line":36,"column":39},"end":{"line":36,"column":null}},"24":{"start":{"line":38,"column":20},"end":{"line":38,"column":45}},"25":{"start":{"line":39,"column":4},"end":{"line":47,"column":null}},"26":{"start":{"line":40,"column":6},"end":{"line":40,"column":null}},"27":{"start":{"line":41,"column":20},"end":{"line":41,"column":55}},"28":{"start":{"line":43,"column":6},"end":{"line":45,"column":null}},"29":{"start":{"line":44,"column":20},"end":{"line":44,"column":59}},"30":{"start":{"line":45,"column":8},"end":{"line":45,"column":null}},"31":{"start":{"line":47,"column":6},"end":{"line":47,"column":null}},"32":{"start":{"line":49,"column":4},"end":{"line":49,"column":null}},"33":{"start":{"line":53,"column":20},"end":{"line":53,"column":54}},"34":{"start":{"line":54,"column":2},"end":{"line":60,"column":null}},"35":{"start":{"line":55,"column":23},"end":{"line":55,"column":49}},"36":{"start":{"line":56,"column":4},"end":{"line":58,"column":null}},"37":{"start":{"line":57,"column":6},"end":{"line":57,"column":null}},"38":{"start":{"line":58,"column":6},"end":{"line":58,"column":null}},"39":{"start":{"line":60,"column":4},"end":{"line":60,"column":null}},"40":{"start":{"line":64,"column":2},"end":{"line":73,"column":null}},"41":{"start":{"line":65,"column":20},"end":{"line":65,"column":53}},"42":{"start":{"line":66,"column":4},"end":{"line":73,"column":null}},"43":{"start":{"line":67,"column":6},"end":{"line":67,"column":null}},"44":{"start":{"line":67,"column":36},"end":{"line":67,"column":null}},"45":{"start":{"line":68,"column":24},"end":{"line":68,"column":60}},"46":{"start":{"line":69,"column":22},"end":{"line":69,"column":47}},"47":{"start":{"line":70,"column":6},"end":{"line":71,"column":null}},"48":{"start":{"line":71,"column":8},"end":{"line":71,"column":null}},"49":{"start":{"line":73,"column":6},"end":{"line":73,"column":null}},"50":{"start":{"line":77,"column":2},"end":{"line":77,"column":null}}},"fnMap":{"0":{"name":"installSkillsForCLI","decl":{"start":{"line":12,"column":15},"end":{"line":12,"column":35}},"loc":{"start":{"line":12,"column":81},"end":{"line":77,"column":null}},"line":12},"1":{"name":"(anonymous_1)","decl":{"start":{"line":13,"column":32},"end":{"line":13,"column":37}},"loc":{"start":{"line":13,"column":42},"end":{"line":13,"column":55}},"line":13}},"branchMap":{"0":{"loc":{"start":{"line":14,"column":2},"end":{"line":14,"column":null}},"type":"if","locations":[{"start":{"line":14,"column":2},"end":{"line":14,"column":null}},{"start":{},"end":{}}],"line":14},"1":{"loc":{"start":{"line":21,"column":2},"end":{"line":22,"column":null}},"type":"if","locations":[{"start":{"line":21,"column":2},"end":{"line":22,"column":null}},{"start":{},"end":{}}],"line":21},"2":{"loc":{"start":{"line":28,"column":4},"end":{"line":28,"column":null}},"type":"if","locations":[{"start":{"line":28,"column":4},"end":{"line":28,"column":null}},{"start":{},"end":{}}],"line":28},"3":{"loc":{"start":{"line":28,"column":8},"end":{"line":28,"column":60}},"type":"binary-expr","locations":[{"start":{"line":28,"column":8},"end":{"line":28,"column":32}},{"start":{"line":28,"column":36},"end":{"line":28,"column":60}}],"line":28},"4":{"loc":{"start":{"line":31,"column":4},"end":{"line":31,"column":null}},"type":"if","locations":[{"start":{"line":31,"column":4},"end":{"line":31,"column":null}},{"start":{},"end":{}}],"line":31},"5":{"loc":{"start":{"line":36,"column":4},"end":{"line":36,"column":null}},"type":"if","locations":[{"start":{"line":36,"column":4},"end":{"line":36,"column":null}},{"start":{},"end":{}}],"line":36},"6":{"loc":{"start":{"line":39,"column":4},"end":{"line":47,"column":null}},"type":"if","locations":[{"start":{"line":39,"column":4},"end":{"line":47,"column":null}},{"start":{},"end":{}}],"line":39},"7":{"loc":{"start":{"line":43,"column":6},"end":{"line":45,"column":null}},"type":"if","locations":[{"start":{"line":43,"column":6},"end":{"line":45,"column":null}},{"start":{},"end":{}}],"line":43},"8":{"loc":{"start":{"line":54,"column":2},"end":{"line":60,"column":null}},"type":"if","locations":[{"start":{"line":54,"column":2},"end":{"line":60,"column":null}},{"start":{},"end":{}}],"line":54},"9":{"loc":{"start":{"line":56,"column":4},"end":{"line":58,"column":null}},"type":"if","locations":[{"start":{"line":56,"column":4},"end":{"line":58,"column":null}},{"start":{},"end":{}}],"line":56},"10":{"loc":{"start":{"line":64,"column":2},"end":{"line":73,"column":null}},"type":"if","locations":[{"start":{"line":64,"column":2},"end":{"line":73,"column":null}},{"start":{},"end":{}}],"line":64},"11":{"loc":{"start":{"line":67,"column":6},"end":{"line":67,"column":null}},"type":"if","locations":[{"start":{"line":67,"column":6},"end":{"line":67,"column":null}},{"start":{},"end":{}}],"line":67},"12":{"loc":{"start":{"line":70,"column":6},"end":{"line":71,"column":null}},"type":"if","locations":[{"start":{"line":70,"column":6},"end":{"line":71,"column":null}},{"start":{},"end":{}}],"line":70}},"s":{"0":1,"1":1,"2":13,"3":13,"4":13,"5":1,"6":12,"7":12,"8":12,"9":12,"10":12,"11":9,"12":12,"13":11,"14":66,"15":22,"16":44,"17":44,"18":44,"19":0,"20":44,"21":44,"22":44,"23":11,"24":33,"25":33,"26":24,"27":24,"28":24,"29":8,"30":8,"31":24,"32":33,"33":11,"34":11,"35":11,"36":11,"37":8,"38":8,"39":11,"40":11,"41":10,"42":10,"43":20,"44":0,"45":20,"46":20,"47":20,"48":14,"49":20,"50":11},"f":{"0":13,"1":13},"b":{"0":[1,12],"1":[9,3],"2":[22,44],"3":[66,55],"4":[0,44],"5":[11,33],"6":[24,9],"7":[8,16],"8":[11,0],"9":[8,3],"10":[10,1],"11":[0,20],"12":[14,6]},"meta":{"lastBranch":13,"lastFunction":2,"lastStatement":51,"seen":{"s:7:18:7:62":0,"s:8:20:8:53":1,"f:12:15:12:35":0,"s:13:20:13:55":2,"f:13:32:13:37":1,"s:13:42:13:55":3,"b:14:2:14:Infinity:undefined:undefined:undefined:undefined":0,"s:14:2:14:Infinity":4,"s:14:18:14:Infinity":5,"s:16:30:16:32":6,"s:17:23:17:67":7,"s:18:26:18:65":8,"s:19:15:19:Infinity":9,"b:21:2:22:Infinity:undefined:undefined:undefined:undefined":1,"s:21:2:22:Infinity":10,"s:22:4:22:Infinity":11,"s:26:20:26:50":12,"s:27:2:49:Infinity":13,"b:28:4:28:Infinity:undefined:undefined:undefined:undefined":2,"s:28:4:28:Infinity":14,"b:28:8:28:32:28:36:28:60":3,"s:28:60:28:Infinity":15,"s:29:22:29:55":16,"s:30:17:30:41":17,"b:31:4:31:Infinity:undefined:undefined:undefined:undefined":4,"s:31:4:31:Infinity":18,"s:31:29:31:Infinity":19,"s:33:20:33:52":20,"s:34:24:34:60":21,"b:36:4:36:Infinity:undefined:undefined:undefined:undefined":5,"s:36:4:36:Infinity":22,"s:36:39:36:Infinity":23,"s:38:20:38:45":24,"b:39:4:47:Infinity:undefined:undefined:undefined:undefined":6,"s:39:4:47:Infinity":25,"s:40:6:40:Infinity":26,"s:41:20:41:55":27,"b:43:6:45:Infinity:undefined:undefined:undefined:undefined":7,"s:43:6:45:Infinity":28,"s:44:20:44:59":29,"s:45:8:45:Infinity":30,"s:47:6:47:Infinity":31,"s:49:4:49:Infinity":32,"s:53:20:53:54":33,"b:54:2:60:Infinity:undefined:undefined:undefined:undefined":8,"s:54:2:60:Infinity":34,"s:55:23:55:49":35,"b:56:4:58:Infinity:undefined:undefined:undefined:undefined":9,"s:56:4:58:Infinity":36,"s:57:6:57:Infinity":37,"s:58:6:58:Infinity":38,"s:60:4:60:Infinity":39,"b:64:2:73:Infinity:undefined:undefined:undefined:undefined":10,"s:64:2:73:Infinity":40,"s:65:20:65:53":41,"s:66:4:73:Infinity":42,"b:67:6:67:Infinity:undefined:undefined:undefined:undefined":11,"s:67:6:67:Infinity":43,"s:67:36:67:Infinity":44,"s:68:24:68:60":45,"s:69:22:69:47":46,"b:70:6:71:Infinity:undefined:undefined:undefined:undefined":12,"s:70:6:71:Infinity":47,"s:71:8:71:Infinity":48,"s:73:6:73:Infinity":49,"s:77:2:77:Infinity":50}}}
,"/home/javier/programacion/platform/javi-ai/src/merger/json.ts": {"path":"/home/javier/programacion/platform/javi-ai/src/merger/json.ts","statementMap":{"0":{"start":{"line":7,"column":17},"end":{"line":7,"column":30}},"1":{"start":{"line":8,"column":2},"end":{"line":31,"column":null}},"2":{"start":{"line":9,"column":15},"end":{"line":9,"column":null}},"3":{"start":{"line":10,"column":15},"end":{"line":10,"column":null}},"4":{"start":{"line":11,"column":4},"end":{"line":31,"column":null}},"5":{"start":{"line":19,"column":6},"end":{"line":19,"column":null}},"6":{"start":{"line":20,"column":15},"end":{"line":31,"column":null}},"7":{"start":{"line":22,"column":21},"end":{"line":22,"column":28}},"8":{"start":{"line":23,"column":6},"end":{"line":26,"column":null}},"9":{"start":{"line":24,"column":24},"end":{"line":24,"column":44}},"10":{"start":{"line":25,"column":8},"end":{"line":26,"column":null}},"11":{"start":{"line":25,"column":30},"end":{"line":25,"column":60}},"12":{"start":{"line":26,"column":10},"end":{"line":26,"column":null}},"13":{"start":{"line":29,"column":6},"end":{"line":29,"column":null}},"14":{"start":{"line":31,"column":6},"end":{"line":31,"column":null}},"15":{"start":{"line":34,"column":2},"end":{"line":34,"column":null}},"16":{"start":{"line":42,"column":24},"end":{"line":42,"column":62}},"17":{"start":{"line":43,"column":17},"end":{"line":43,"column":42}},"18":{"start":{"line":45,"column":2},"end":{"line":55,"column":null}},"19":{"start":{"line":46,"column":4},"end":{"line":47,"column":null}},"20":{"start":{"line":47,"column":6},"end":{"line":47,"column":null}},"21":{"start":{"line":49,"column":26},"end":{"line":49,"column":64}},"22":{"start":{"line":50,"column":19},"end":{"line":50,"column":44}},"23":{"start":{"line":51,"column":19},"end":{"line":51,"column":44}},"24":{"start":{"line":52,"column":4},"end":{"line":52,"column":null}},"25":{"start":{"line":54,"column":4},"end":{"line":54,"column":null}},"26":{"start":{"line":55,"column":4},"end":{"line":55,"column":null}}},"fnMap":{"0":{"name":"deepMerge","decl":{"start":{"line":6,"column":9},"end":{"line":6,"column":19}},"loc":{"start":{"line":6,"column":71},"end":{"line":34,"column":null}},"line":6},"1":{"name":"(anonymous_1)","decl":{"start":{"line":25,"column":20},"end":{"line":25,"column":25}},"loc":{"start":{"line":25,"column":30},"end":{"line":25,"column":60}},"line":25},"2":{"name":"mergeJsonFile","decl":{"start":{"line":37,"column":22},"end":{"line":37,"column":null}},"loc":{"start":{"line":41,"column":17},"end":{"line":55,"column":null}},"line":41}},"branchMap":{"0":{"loc":{"start":{"line":11,"column":4},"end":{"line":31,"column":null}},"type":"if","locations":[{"start":{"line":11,"column":4},"end":{"line":31,"column":null}},{"start":{"line":20,"column":15},"end":{"line":31,"column":null}}],"line":11},"1":{"loc":{"start":{"line":12,"column":6},"end":{"line":17,"column":24}},"type":"binary-expr","locations":[{"start":{"line":12,"column":6},"end":{"line":12,"column":null}},{"start":{"line":13,"column":6},"end":{"line":13,"column":null}},{"start":{"line":14,"column":6},"end":{"line":14,"column":24}},{"start":{"line":15,"column":6},"end":{"line":15,"column":null}},{"start":{"line":16,"column":6},"end":{"line":16,"column":null}},{"start":{"line":17,"column":6},"end":{"line":17,"column":24}}],"line":12},"2":{"loc":{"start":{"line":20,"column":15},"end":{"line":31,"column":null}},"type":"if","locations":[{"start":{"line":20,"column":15},"end":{"line":31,"column":null}},{"start":{"line":30,"column":11},"end":{"line":31,"column":null}}],"line":20},"3":{"loc":{"start":{"line":20,"column":15},"end":{"line":20,"column":53}},"type":"binary-expr","locations":[{"start":{"line":20,"column":15},"end":{"line":20,"column":32}},{"start":{"line":20,"column":36},"end":{"line":20,"column":53}}],"line":20},"4":{"loc":{"start":{"line":25,"column":8},"end":{"line":26,"column":null}},"type":"if","locations":[{"start":{"line":25,"column":8},"end":{"line":26,"column":null}},{"start":{},"end":{}}],"line":25},"5":{"loc":{"start":{"line":45,"column":2},"end":{"line":55,"column":null}},"type":"if","locations":[{"start":{"line":45,"column":2},"end":{"line":55,"column":null}},{"start":{"line":53,"column":9},"end":{"line":55,"column":null}}],"line":45},"6":{"loc":{"start":{"line":46,"column":4},"end":{"line":47,"column":null}},"type":"if","locations":[{"start":{"line":46,"column":4},"end":{"line":47,"column":null}},{"start":{},"end":{}}],"line":46}},"s":{"0":29,"1":29,"2":30,"3":30,"4":30,"5":5,"6":25,"7":6,"8":6,"9":9,"10":9,"11":16,"12":5,"13":6,"14":19,"15":29,"16":27,"17":27,"18":27,"19":25,"20":1,"21":25,"22":25,"23":25,"24":25,"25":1,"26":1},"f":{"0":29,"1":16,"2":27},"b":{"0":[5,25],"1":[30,29,13,6,5,5],"2":[6,19],"3":[25,7],"4":[5,4],"5":[25,1],"6":[1,24]},"meta":{"lastBranch":7,"lastFunction":3,"lastStatement":27,"seen":{"f:6:9:6:19":0,"s:7:17:7:30":0,"s:8:2:31:Infinity":1,"s:9:15:9:Infinity":2,"s:10:15:10:Infinity":3,"b:11:4:31:Infinity:20:15:31:Infinity":0,"s:11:4:31:Infinity":4,"b:12:6:12:Infinity:13:6:13:Infinity:14:6:14:24:15:6:15:Infinity:16:6:16:Infinity:17:6:17:24":1,"s:19:6:19:Infinity":5,"b:20:15:31:Infinity:30:11:31:Infinity":2,"s:20:15:31:Infinity":6,"b:20:15:20:32:20:36:20:53":3,"s:22:21:22:28":7,"s:23:6:26:Infinity":8,"s:24:24:24:44":9,"b:25:8:26:Infinity:undefined:undefined:undefined:undefined":4,"s:25:8:26:Infinity":10,"f:25:20:25:25":1,"s:25:30:25:60":11,"s:26:10:26:Infinity":12,"s:29:6:29:Infinity":13,"s:31:6:31:Infinity":14,"s:34:2:34:Infinity":15,"f:37:22:37:Infinity":2,"s:42:24:42:62":16,"s:43:17:43:42":17,"b:45:2:55:Infinity:53:9:55:Infinity":5,"s:45:2:55:Infinity":18,"b:46:4:47:Infinity:undefined:undefined:undefined:undefined":6,"s:46:4:47:Infinity":19,"s:47:6:47:Infinity":20,"s:49:26:49:64":21,"s:50:19:50:44":22,"s:51:19:51:44":23,"s:52:4:52:Infinity":24,"s:54:4:54:Infinity":25,"s:55:4:55:Infinity":26}}}
,"/home/javier/programacion/platform/javi-ai/src/merger/markdown.ts": {"path":"/home/javier/programacion/platform/javi-ai/src/merger/markdown.ts","statementMap":{"0":{"start":{"line":9,"column":24},"end":{"line":9,"column":62}},"1":{"start":{"line":10,"column":20},"end":{"line":10,"column":null}},"2":{"start":{"line":12,"column":2},"end":{"line":31,"column":null}},"3":{"start":{"line":13,"column":4},"end":{"line":14,"column":null}},"4":{"start":{"line":14,"column":6},"end":{"line":14,"column":null}},"5":{"start":{"line":16,"column":26},"end":{"line":16,"column":64}},"6":{"start":{"line":17,"column":21},"end":{"line":17,"column":56}},"7":{"start":{"line":18,"column":19},"end":{"line":18,"column":52}},"8":{"start":{"line":20,"column":4},"end":{"line":27,"column":null}},"9":{"start":{"line":22,"column":21},"end":{"line":22,"column":57}},"10":{"start":{"line":23,"column":20},"end":{"line":23,"column":71}},"11":{"start":{"line":24,"column":6},"end":{"line":24,"column":null}},"12":{"start":{"line":27,"column":6},"end":{"line":27,"column":null}},"13":{"start":{"line":30,"column":4},"end":{"line":30,"column":null}},"14":{"start":{"line":31,"column":4},"end":{"line":31,"column":null}}},"fnMap":{"0":{"name":"mergeMarkdownFile","decl":{"start":{"line":4,"column":22},"end":{"line":4,"column":null}},"loc":{"start":{"line":8,"column":17},"end":{"line":31,"column":null}},"line":8}},"branchMap":{"0":{"loc":{"start":{"line":12,"column":2},"end":{"line":31,"column":null}},"type":"if","locations":[{"start":{"line":12,"column":2},"end":{"line":31,"column":null}},{"start":{"line":29,"column":9},"end":{"line":31,"column":null}}],"line":12},"1":{"loc":{"start":{"line":13,"column":4},"end":{"line":14,"column":null}},"type":"if","locations":[{"start":{"line":13,"column":4},"end":{"line":14,"column":null}},{"start":{},"end":{}}],"line":13},"2":{"loc":{"start":{"line":20,"column":4},"end":{"line":27,"column":null}},"type":"if","locations":[{"start":{"line":20,"column":4},"end":{"line":27,"column":null}},{"start":{"line":25,"column":11},"end":{"line":27,"column":null}}],"line":20},"3":{"loc":{"start":{"line":20,"column":8},"end":{"line":20,"column":42}},"type":"binary-expr","locations":[{"start":{"line":20,"column":8},"end":{"line":20,"column":27}},{"start":{"line":20,"column":27},"end":{"line":20,"column":42}}],"line":20}},"s":{"0":13,"1":13,"2":13,"3":12,"4":1,"5":12,"6":12,"7":12,"8":12,"9":6,"10":6,"11":6,"12":6,"13":1,"14":1},"f":{"0":13},"b":{"0":[12,1],"1":[1,11],"2":[6,6],"3":[12,7]},"meta":{"lastBranch":4,"lastFunction":1,"lastStatement":15,"seen":{"f:4:22:4:Infinity":0,"s:9:24:9:62":0,"s:10:20:10:Infinity":1,"b:12:2:31:Infinity:29:9:31:Infinity":0,"s:12:2:31:Infinity":2,"b:13:4:14:Infinity:undefined:undefined:undefined:undefined":1,"s:13:4:14:Infinity":3,"s:14:6:14:Infinity":4,"s:16:26:16:64":5,"s:17:21:17:56":6,"s:18:19:18:52":7,"b:20:4:27:Infinity:25:11:27:Infinity":2,"s:20:4:27:Infinity":8,"b:20:8:20:27:20:27:20:42":3,"s:22:21:22:57":9,"s:23:20:23:71":10,"s:24:6:24:Infinity":11,"s:27:6:27:Infinity":12,"s:30:4:30:Infinity":13,"s:31:4:31:Infinity":14}}}
}
